2020-04-19 01:15:40 [scrapy.utils.log] INFO: Scrapy 2.0.0 started (bot: dmzj)
2020-04-19 01:15:40 [scrapy.utils.log] INFO: Versions: lxml 4.5.0.0, libxml2 2.9.5, cssselect 1.1.0, parsel 1.5.2, w3lib 1.21.0, Twisted 19.10.0, Python 3.8.0 (tags/v3.8.0:fa919fd, Oct 14 2019, 19:21:23) [MSC v.1916 32 bit (Intel)], pyOpenSSL 19.1.0 (OpenSSL 1.1.1d  10 Sep 2019), cryptography 2.8, Platform Windows-10-10.0.18362-SP0
2020-04-19 01:15:40 [scrapy.utils.log] DEBUG: Using reactor: twisted.internet.selectreactor.SelectReactor
2020-04-19 01:15:40 [scrapy.crawler] INFO: Overridden settings:
{'BOT_NAME': 'dmzj',
 'DOWNLOAD_DELAY': 3,
 'FEED_EXPORT_ENCODING': 'utf-8',
 'LOG_FILE': 'logs\\DMZJ\\DMZJ\\3774b616819811eab7dea0510b909dbc.log',
 'NEWSPIDER_MODULE': 'dmzj.spiders',
 'SPIDER_MODULES': ['dmzj.spiders']}
2020-04-19 01:15:40 [scrapy.extensions.telnet] INFO: Telnet Password: d96808582852147c
2020-04-19 01:15:40 [scrapy.middleware] INFO: Enabled extensions:
['scrapy.extensions.corestats.CoreStats',
 'scrapy.extensions.telnet.TelnetConsole',
 'scrapy.extensions.logstats.LogStats']
2020-04-19 01:15:40 [scrapy.middleware] INFO: Enabled downloader middlewares:
['scrapy.downloadermiddlewares.httpauth.HttpAuthMiddleware',
 'scrapy.downloadermiddlewares.downloadtimeout.DownloadTimeoutMiddleware',
 'scrapy.downloadermiddlewares.defaultheaders.DefaultHeadersMiddleware',
 'scrapy.downloadermiddlewares.useragent.UserAgentMiddleware',
 'scrapy.downloadermiddlewares.retry.RetryMiddleware',
 'scrapy.downloadermiddlewares.redirect.MetaRefreshMiddleware',
 'scrapy.downloadermiddlewares.httpcompression.HttpCompressionMiddleware',
 'scrapy.downloadermiddlewares.redirect.RedirectMiddleware',
 'scrapy.downloadermiddlewares.cookies.CookiesMiddleware',
 'scrapy.downloadermiddlewares.httpproxy.HttpProxyMiddleware',
 'scrapy.downloadermiddlewares.stats.DownloaderStats']
2020-04-19 01:15:40 [scrapy.middleware] INFO: Enabled spider middlewares:
['scrapy.spidermiddlewares.httperror.HttpErrorMiddleware',
 'scrapy.spidermiddlewares.offsite.OffsiteMiddleware',
 'scrapy.spidermiddlewares.referer.RefererMiddleware',
 'scrapy.spidermiddlewares.urllength.UrlLengthMiddleware',
 'scrapy.spidermiddlewares.depth.DepthMiddleware']
2020-04-19 01:15:40 [twisted] CRITICAL: Unhandled error in Deferred:
2020-04-19 01:15:40 [twisted] CRITICAL: 
Traceback (most recent call last):
  File "d:\python\lib\site-packages\twisted\internet\defer.py", line 1418, in _inlineCallbacks
    result = g.send(result)
  File "d:\python\lib\site-packages\scrapy\crawler.py", line 89, in crawl
    self.engine = self._create_engine()
  File "d:\python\lib\site-packages\scrapy\crawler.py", line 103, in _create_engine
    return ExecutionEngine(self, lambda _: self.stop())
  File "d:\python\lib\site-packages\scrapy\core\engine.py", line 70, in __init__
    self.scraper = Scraper(crawler)
  File "d:\python\lib\site-packages\scrapy\core\scraper.py", line 71, in __init__
    self.itemproc = itemproc_cls.from_crawler(crawler)
  File "d:\python\lib\site-packages\scrapy\middleware.py", line 53, in from_crawler
    return cls.from_settings(crawler.settings, crawler)
  File "d:\python\lib\site-packages\scrapy\middleware.py", line 34, in from_settings
    mwcls = load_object(clspath)
  File "d:\python\lib\site-packages\scrapy\utils\misc.py", line 50, in load_object
    mod = import_module(module)
  File "d:\python\lib\importlib\__init__.py", line 127, in import_module
    return _bootstrap._gcd_import(name[level:], package, level)
  File "<frozen importlib._bootstrap>", line 1014, in _gcd_import
  File "<frozen importlib._bootstrap>", line 991, in _find_and_load
  File "<frozen importlib._bootstrap>", line 971, in _find_and_load_unlocked
  File "<frozen importlib._bootstrap>", line 914, in _find_spec
  File "<frozen importlib._bootstrap_external>", line 1342, in find_spec
  File "<frozen importlib._bootstrap_external>", line 1316, in _get_spec
  File "<frozen importlib._bootstrap_external>", line 1297, in _legacy_get_spec
  File "<frozen importlib._bootstrap>", line 414, in spec_from_loader
  File "<frozen importlib._bootstrap_external>", line 649, in spec_from_file_location
  File "<frozen zipimport>", line 191, in get_filename
  File "<frozen zipimport>", line 713, in _get_module_code
  File "<frozen zipimport>", line 647, in _compile_source
  File "c:\users\30263\appdata\local\temp\dmzj-1587225784-x4ev1boz.egg\dmzj\pipelines.py", line 36
SyntaxError: (unicode error) 'unicodeescape' codec can't decode bytes in position 2-3: truncated \UXXXXXXXX escape
