2020-04-19 12:26:02 [scrapy.utils.log] INFO: Scrapy 2.0.0 started (bot: dmzj)
2020-04-19 12:26:02 [scrapy.utils.log] INFO: Versions: lxml 4.5.0.0, libxml2 2.9.5, cssselect 1.1.0, parsel 1.5.2, w3lib 1.21.0, Twisted 19.10.0, Python 3.8.0 (tags/v3.8.0:fa919fd, Oct 14 2019, 19:21:23) [MSC v.1916 32 bit (Intel)], pyOpenSSL 19.1.0 (OpenSSL 1.1.1d  10 Sep 2019), cryptography 2.8, Platform Windows-10-10.0.18362-SP0
2020-04-19 12:26:02 [scrapy.utils.log] DEBUG: Using reactor: twisted.internet.selectreactor.SelectReactor
2020-04-19 12:26:02 [scrapy.crawler] INFO: Overridden settings:
{'BOT_NAME': 'dmzj',
 'DOWNLOAD_DELAY': 3,
 'FEED_EXPORT_ENCODING': 'utf-8',
 'LOG_FILE': 'logs\\DMZJ\\DMZJ\\def10c9b81f511ea9a74a0510b909dbc.log',
 'NEWSPIDER_MODULE': 'dmzj.spiders',
 'SPIDER_MODULES': ['dmzj.spiders']}
2020-04-19 12:26:02 [scrapy.extensions.telnet] INFO: Telnet Password: 79b43d0e38704d34
2020-04-19 12:26:02 [scrapy.middleware] INFO: Enabled extensions:
['scrapy.extensions.corestats.CoreStats',
 'scrapy.extensions.telnet.TelnetConsole',
 'scrapy.extensions.logstats.LogStats']
2020-04-19 12:26:02 [scrapy.middleware] INFO: Enabled downloader middlewares:
['scrapy.downloadermiddlewares.httpauth.HttpAuthMiddleware',
 'scrapy.downloadermiddlewares.downloadtimeout.DownloadTimeoutMiddleware',
 'scrapy.downloadermiddlewares.defaultheaders.DefaultHeadersMiddleware',
 'scrapy.downloadermiddlewares.useragent.UserAgentMiddleware',
 'scrapy.downloadermiddlewares.retry.RetryMiddleware',
 'scrapy.downloadermiddlewares.redirect.MetaRefreshMiddleware',
 'scrapy.downloadermiddlewares.httpcompression.HttpCompressionMiddleware',
 'scrapy.downloadermiddlewares.redirect.RedirectMiddleware',
 'scrapy.downloadermiddlewares.cookies.CookiesMiddleware',
 'scrapy.downloadermiddlewares.httpproxy.HttpProxyMiddleware',
 'scrapy.downloadermiddlewares.stats.DownloaderStats']
2020-04-19 12:26:02 [scrapy.middleware] INFO: Enabled spider middlewares:
['scrapy.spidermiddlewares.httperror.HttpErrorMiddleware',
 'scrapy.spidermiddlewares.offsite.OffsiteMiddleware',
 'scrapy.spidermiddlewares.referer.RefererMiddleware',
 'scrapy.spidermiddlewares.urllength.UrlLengthMiddleware',
 'scrapy.spidermiddlewares.depth.DepthMiddleware']
2020-04-19 12:26:02 [py.warnings] WARNING: d:\python\lib\site-packages\scrapy\utils\project.py:90: ScrapyDeprecationWarning: Use of environment variables prefixed with SCRAPY_ to override settings is deprecated. The following environment variables are currently defined: JOB, LOG_FILE, SLOT, SPIDER
  warnings.warn(

2020-04-19 12:26:02 [scrapy.middleware] INFO: Enabled item pipelines:
['dmzj.pipelines.DmzjPipeline']
2020-04-19 12:26:02 [scrapy.core.engine] INFO: Spider opened
2020-04-19 12:26:02 [scrapy.extensions.logstats] INFO: Crawled 0 pages (at 0 pages/min), scraped 0 items (at 0 items/min)
2020-04-19 12:26:02 [scrapy.extensions.telnet] INFO: Telnet console listening on 127.0.0.1:6023
2020-04-19 12:26:02 [scrapy.core.engine] DEBUG: Crawled (200) <GET http://manhua.dmzj.com/yisuola/> (referer: None)
2020-04-19 12:26:03 [scrapy.core.engine] DEBUG: Crawled (200) <GET https://m.dmzj.com/info/51473.html> (referer: http://manhua.dmzj.com/yisuola/)
2020-04-19 12:26:05 [scrapy.core.engine] DEBUG: Crawled (200) <GET https://m.dmzj.com/view/51473/91238.html> (referer: https://m.dmzj.com/info/51473.html)
2020-04-19 12:26:06 [urllib3.connectionpool] DEBUG: Starting new HTTPS connection (1): images.dmzj.com:443
2020-04-19 12:26:06 [urllib3.connectionpool] DEBUG: https://images.dmzj.com:443 "GET /y/%E4%BC%8A%E7%B4%A2%E6%8B%89/%E7%AC%AC01%E5%8D%B7/Isola%20001-001.jpg HTTP/1.1" 200 262517
2020-04-19 12:26:06 [urllib3.connectionpool] DEBUG: Starting new HTTPS connection (1): images.dmzj.com:443
2020-04-19 12:26:06 [urllib3.connectionpool] DEBUG: https://images.dmzj.com:443 "GET /y/%E4%BC%8A%E7%B4%A2%E6%8B%89/%E7%AC%AC01%E5%8D%B7/Isola%20001-002.jpg HTTP/1.1" 200 806307
2020-04-19 12:26:07 [urllib3.connectionpool] DEBUG: Starting new HTTPS connection (1): images.dmzj.com:443
2020-04-19 12:26:07 [urllib3.connectionpool] DEBUG: https://images.dmzj.com:443 "GET /y/%E4%BC%8A%E7%B4%A2%E6%8B%89/%E7%AC%AC01%E5%8D%B7/Isola%20001-003.jpg HTTP/1.1" 200 178854
2020-04-19 12:26:07 [urllib3.connectionpool] DEBUG: Starting new HTTPS connection (1): images.dmzj.com:443
2020-04-19 12:26:07 [urllib3.connectionpool] DEBUG: https://images.dmzj.com:443 "GET /y/%E4%BC%8A%E7%B4%A2%E6%8B%89/%E7%AC%AC01%E5%8D%B7/Isola%20001-004.jpg HTTP/1.1" 200 296827
2020-04-19 12:26:08 [urllib3.connectionpool] DEBUG: Starting new HTTPS connection (1): images.dmzj.com:443
2020-04-19 12:26:08 [urllib3.connectionpool] DEBUG: https://images.dmzj.com:443 "GET /y/%E4%BC%8A%E7%B4%A2%E6%8B%89/%E7%AC%AC01%E5%8D%B7/Isola%20001-005.jpg HTTP/1.1" 200 297217
2020-04-19 12:26:08 [urllib3.connectionpool] DEBUG: Starting new HTTPS connection (1): images.dmzj.com:443
2020-04-19 12:26:08 [urllib3.connectionpool] DEBUG: https://images.dmzj.com:443 "GET /y/%E4%BC%8A%E7%B4%A2%E6%8B%89/%E7%AC%AC01%E5%8D%B7/Isola%20001-006.jpg HTTP/1.1" 200 256144
2020-04-19 12:26:09 [urllib3.connectionpool] DEBUG: Starting new HTTPS connection (1): images.dmzj.com:443
2020-04-19 12:26:09 [urllib3.connectionpool] DEBUG: https://images.dmzj.com:443 "GET /y/%E4%BC%8A%E7%B4%A2%E6%8B%89/%E7%AC%AC01%E5%8D%B7/Isola%20001-007.jpg HTTP/1.1" 200 249155
2020-04-19 12:26:09 [urllib3.connectionpool] DEBUG: Starting new HTTPS connection (1): images.dmzj.com:443
2020-04-19 12:26:10 [urllib3.connectionpool] DEBUG: https://images.dmzj.com:443 "GET /y/%E4%BC%8A%E7%B4%A2%E6%8B%89/%E7%AC%AC01%E5%8D%B7/Isola%20001-008.jpg HTTP/1.1" 200 244621
2020-04-19 12:26:10 [urllib3.connectionpool] DEBUG: Starting new HTTPS connection (1): images.dmzj.com:443
2020-04-19 12:26:10 [urllib3.connectionpool] DEBUG: https://images.dmzj.com:443 "GET /y/%E4%BC%8A%E7%B4%A2%E6%8B%89/%E7%AC%AC01%E5%8D%B7/Isola%20001-009.jpg HTTP/1.1" 200 247023
2020-04-19 12:26:11 [urllib3.connectionpool] DEBUG: Starting new HTTPS connection (1): images.dmzj.com:443
2020-04-19 12:26:11 [urllib3.connectionpool] DEBUG: https://images.dmzj.com:443 "GET /y/%E4%BC%8A%E7%B4%A2%E6%8B%89/%E7%AC%AC01%E5%8D%B7/Isola%20001-010.jpg HTTP/1.1" 200 268720
2020-04-19 12:26:11 [urllib3.connectionpool] DEBUG: Starting new HTTPS connection (1): images.dmzj.com:443
2020-04-19 12:26:11 [urllib3.connectionpool] DEBUG: https://images.dmzj.com:443 "GET /y/%E4%BC%8A%E7%B4%A2%E6%8B%89/%E7%AC%AC01%E5%8D%B7/Isola%20001-011.jpg HTTP/1.1" 200 253083
2020-04-19 12:26:12 [urllib3.connectionpool] DEBUG: Starting new HTTPS connection (1): images.dmzj.com:443
2020-04-19 12:26:12 [urllib3.connectionpool] DEBUG: https://images.dmzj.com:443 "GET /y/%E4%BC%8A%E7%B4%A2%E6%8B%89/%E7%AC%AC01%E5%8D%B7/Isola%20001-012.jpg HTTP/1.1" 200 271550
2020-04-19 12:26:12 [urllib3.connectionpool] DEBUG: Starting new HTTPS connection (1): images.dmzj.com:443
2020-04-19 12:26:13 [urllib3.connectionpool] DEBUG: https://images.dmzj.com:443 "GET /y/%E4%BC%8A%E7%B4%A2%E6%8B%89/%E7%AC%AC01%E5%8D%B7/Isola%20001-013.jpg HTTP/1.1" 200 358163
2020-04-19 12:26:13 [urllib3.connectionpool] DEBUG: Starting new HTTPS connection (1): images.dmzj.com:443
2020-04-19 12:26:13 [urllib3.connectionpool] DEBUG: https://images.dmzj.com:443 "GET /y/%E4%BC%8A%E7%B4%A2%E6%8B%89/%E7%AC%AC01%E5%8D%B7/Isola%20001-014.jpg HTTP/1.1" 200 343367
2020-04-19 12:26:13 [urllib3.connectionpool] DEBUG: Starting new HTTPS connection (1): images.dmzj.com:443
2020-04-19 12:26:14 [urllib3.connectionpool] DEBUG: https://images.dmzj.com:443 "GET /y/%E4%BC%8A%E7%B4%A2%E6%8B%89/%E7%AC%AC01%E5%8D%B7/Isola%20001-015.jpg HTTP/1.1" 200 318090
2020-04-19 12:26:14 [urllib3.connectionpool] DEBUG: Starting new HTTPS connection (1): images.dmzj.com:443
2020-04-19 12:26:15 [urllib3.connectionpool] DEBUG: https://images.dmzj.com:443 "GET /y/%E4%BC%8A%E7%B4%A2%E6%8B%89/%E7%AC%AC01%E5%8D%B7/Isola%20001-016.jpg HTTP/1.1" 200 315121
2020-04-19 12:26:15 [urllib3.connectionpool] DEBUG: Starting new HTTPS connection (1): images.dmzj.com:443
2020-04-19 12:26:15 [urllib3.connectionpool] DEBUG: https://images.dmzj.com:443 "GET /y/%E4%BC%8A%E7%B4%A2%E6%8B%89/%E7%AC%AC01%E5%8D%B7/Isola%20001-017.jpg HTTP/1.1" 200 538128
2020-04-19 12:26:15 [urllib3.connectionpool] DEBUG: Starting new HTTPS connection (1): images.dmzj.com:443
2020-04-19 12:26:16 [urllib3.connectionpool] DEBUG: https://images.dmzj.com:443 "GET /y/%E4%BC%8A%E7%B4%A2%E6%8B%89/%E7%AC%AC01%E5%8D%B7/Isola%20001-018.jpg HTTP/1.1" 200 336563
2020-04-19 12:26:16 [urllib3.connectionpool] DEBUG: Starting new HTTPS connection (1): images.dmzj.com:443
2020-04-19 12:26:16 [urllib3.connectionpool] DEBUG: https://images.dmzj.com:443 "GET /y/%E4%BC%8A%E7%B4%A2%E6%8B%89/%E7%AC%AC01%E5%8D%B7/Isola%20001-019.jpg HTTP/1.1" 200 335731
2020-04-19 12:26:17 [urllib3.connectionpool] DEBUG: Starting new HTTPS connection (1): images.dmzj.com:443
2020-04-19 12:26:17 [urllib3.connectionpool] DEBUG: https://images.dmzj.com:443 "GET /y/%E4%BC%8A%E7%B4%A2%E6%8B%89/%E7%AC%AC01%E5%8D%B7/Isola%20001-020.jpg HTTP/1.1" 200 313331
2020-04-19 12:26:17 [urllib3.connectionpool] DEBUG: Starting new HTTPS connection (1): images.dmzj.com:443
2020-04-19 12:26:18 [urllib3.connectionpool] DEBUG: https://images.dmzj.com:443 "GET /y/%E4%BC%8A%E7%B4%A2%E6%8B%89/%E7%AC%AC01%E5%8D%B7/Isola%20001-021.jpg HTTP/1.1" 200 263567
2020-04-19 12:26:18 [urllib3.connectionpool] DEBUG: Starting new HTTPS connection (1): images.dmzj.com:443
2020-04-19 12:26:18 [urllib3.connectionpool] DEBUG: https://images.dmzj.com:443 "GET /y/%E4%BC%8A%E7%B4%A2%E6%8B%89/%E7%AC%AC01%E5%8D%B7/Isola%20001-022.jpg HTTP/1.1" 200 287019
2020-04-19 12:26:18 [urllib3.connectionpool] DEBUG: Starting new HTTPS connection (1): images.dmzj.com:443
2020-04-19 12:26:18 [urllib3.connectionpool] DEBUG: https://images.dmzj.com:443 "GET /y/%E4%BC%8A%E7%B4%A2%E6%8B%89/%E7%AC%AC01%E5%8D%B7/Isola%20001-023.jpg HTTP/1.1" 200 276181
2020-04-19 12:26:19 [urllib3.connectionpool] DEBUG: Starting new HTTPS connection (1): images.dmzj.com:443
2020-04-19 12:26:19 [urllib3.connectionpool] DEBUG: https://images.dmzj.com:443 "GET /y/%E4%BC%8A%E7%B4%A2%E6%8B%89/%E7%AC%AC01%E5%8D%B7/Isola%20001-024.jpg HTTP/1.1" 200 308340
2020-04-19 12:26:19 [urllib3.connectionpool] DEBUG: Starting new HTTPS connection (1): images.dmzj.com:443
2020-04-19 12:26:20 [urllib3.connectionpool] DEBUG: https://images.dmzj.com:443 "GET /y/%E4%BC%8A%E7%B4%A2%E6%8B%89/%E7%AC%AC01%E5%8D%B7/Isola%20001-025.jpg HTTP/1.1" 200 283265
2020-04-19 12:26:21 [urllib3.connectionpool] DEBUG: Starting new HTTPS connection (1): images.dmzj.com:443
2020-04-19 12:26:21 [urllib3.connectionpool] DEBUG: https://images.dmzj.com:443 "GET /y/%E4%BC%8A%E7%B4%A2%E6%8B%89/%E7%AC%AC01%E5%8D%B7/Isola%20001-026.jpg HTTP/1.1" 200 330652
2020-04-19 12:26:21 [urllib3.connectionpool] DEBUG: Starting new HTTPS connection (1): images.dmzj.com:443
2020-04-19 12:26:22 [urllib3.connectionpool] DEBUG: https://images.dmzj.com:443 "GET /y/%E4%BC%8A%E7%B4%A2%E6%8B%89/%E7%AC%AC01%E5%8D%B7/Isola%20001-027.jpg HTTP/1.1" 200 315831
2020-04-19 12:26:22 [urllib3.connectionpool] DEBUG: Starting new HTTPS connection (1): images.dmzj.com:443
2020-04-19 12:26:22 [urllib3.connectionpool] DEBUG: https://images.dmzj.com:443 "GET /y/%E4%BC%8A%E7%B4%A2%E6%8B%89/%E7%AC%AC01%E5%8D%B7/Isola%20001-028.jpg HTTP/1.1" 200 301805
2020-04-19 12:26:22 [urllib3.connectionpool] DEBUG: Starting new HTTPS connection (1): images.dmzj.com:443
2020-04-19 12:26:23 [urllib3.connectionpool] DEBUG: https://images.dmzj.com:443 "GET /y/%E4%BC%8A%E7%B4%A2%E6%8B%89/%E7%AC%AC01%E5%8D%B7/Isola%20001-029.jpg HTTP/1.1" 200 246967
2020-04-19 12:26:23 [urllib3.connectionpool] DEBUG: Starting new HTTPS connection (1): images.dmzj.com:443
2020-04-19 12:26:23 [urllib3.connectionpool] DEBUG: https://images.dmzj.com:443 "GET /y/%E4%BC%8A%E7%B4%A2%E6%8B%89/%E7%AC%AC01%E5%8D%B7/Isola%20001-030.jpg HTTP/1.1" 200 259286
2020-04-19 12:26:24 [urllib3.connectionpool] DEBUG: Starting new HTTPS connection (1): images.dmzj.com:443
2020-04-19 12:26:24 [urllib3.connectionpool] DEBUG: https://images.dmzj.com:443 "GET /y/%E4%BC%8A%E7%B4%A2%E6%8B%89/%E7%AC%AC01%E5%8D%B7/Isola%20001-031.jpg HTTP/1.1" 200 227857
2020-04-19 12:26:24 [urllib3.connectionpool] DEBUG: Starting new HTTPS connection (1): images.dmzj.com:443
2020-04-19 12:26:24 [urllib3.connectionpool] DEBUG: https://images.dmzj.com:443 "GET /y/%E4%BC%8A%E7%B4%A2%E6%8B%89/%E7%AC%AC01%E5%8D%B7/Isola%20001-032.jpg HTTP/1.1" 200 240238
2020-04-19 12:26:25 [urllib3.connectionpool] DEBUG: Starting new HTTPS connection (1): images.dmzj.com:443
2020-04-19 12:26:25 [urllib3.connectionpool] DEBUG: https://images.dmzj.com:443 "GET /y/%E4%BC%8A%E7%B4%A2%E6%8B%89/%E7%AC%AC01%E5%8D%B7/Isola%20001-033.jpg HTTP/1.1" 200 366377
2020-04-19 12:26:25 [urllib3.connectionpool] DEBUG: Starting new HTTPS connection (1): images.dmzj.com:443
2020-04-19 12:26:25 [urllib3.connectionpool] DEBUG: https://images.dmzj.com:443 "GET /y/%E4%BC%8A%E7%B4%A2%E6%8B%89/%E7%AC%AC01%E5%8D%B7/zWater.jpg HTTP/1.1" 200 261283
2020-04-19 12:26:26 [urllib3.connectionpool] DEBUG: Starting new HTTPS connection (1): images.dmzj.com:443
2020-04-19 12:26:26 [urllib3.connectionpool] DEBUG: https://images.dmzj.com:443 "GET /y/%E4%BC%8A%E7%B4%A2%E6%8B%89/%E7%AC%AC01%E5%8D%B7/z%E6%B2%8F%E8%8C%B6%E6%8B%9B%E6%96%B0.jpg HTTP/1.1" 200 340766
2020-04-19 12:26:26 [scrapy.core.scraper] DEBUG: Scraped from <200 https://m.dmzj.com/view/51473/91238.html>
{'big_title': '伊索拉',
 'pic_urls': ['https://images.dmzj.com/y/伊索拉/第01卷/Isola 001-001.jpg',
              'https://images.dmzj.com/y/伊索拉/第01卷/Isola 001-002.jpg',
              'https://images.dmzj.com/y/伊索拉/第01卷/Isola 001-003.jpg',
              'https://images.dmzj.com/y/伊索拉/第01卷/Isola 001-004.jpg',
              'https://images.dmzj.com/y/伊索拉/第01卷/Isola 001-005.jpg',
              'https://images.dmzj.com/y/伊索拉/第01卷/Isola 001-006.jpg',
              'https://images.dmzj.com/y/伊索拉/第01卷/Isola 001-007.jpg',
              'https://images.dmzj.com/y/伊索拉/第01卷/Isola 001-008.jpg',
              'https://images.dmzj.com/y/伊索拉/第01卷/Isola 001-009.jpg',
              'https://images.dmzj.com/y/伊索拉/第01卷/Isola 001-010.jpg',
              'https://images.dmzj.com/y/伊索拉/第01卷/Isola 001-011.jpg',
              'https://images.dmzj.com/y/伊索拉/第01卷/Isola 001-012.jpg',
              'https://images.dmzj.com/y/伊索拉/第01卷/Isola 001-013.jpg',
              'https://images.dmzj.com/y/伊索拉/第01卷/Isola 001-014.jpg',
              'https://images.dmzj.com/y/伊索拉/第01卷/Isola 001-015.jpg',
              'https://images.dmzj.com/y/伊索拉/第01卷/Isola 001-016.jpg',
              'https://images.dmzj.com/y/伊索拉/第01卷/Isola 001-017.jpg',
              'https://images.dmzj.com/y/伊索拉/第01卷/Isola 001-018.jpg',
              'https://images.dmzj.com/y/伊索拉/第01卷/Isola 001-019.jpg',
              'https://images.dmzj.com/y/伊索拉/第01卷/Isola 001-020.jpg',
              'https://images.dmzj.com/y/伊索拉/第01卷/Isola 001-021.jpg',
              'https://images.dmzj.com/y/伊索拉/第01卷/Isola 001-022.jpg',
              'https://images.dmzj.com/y/伊索拉/第01卷/Isola 001-023.jpg',
              'https://images.dmzj.com/y/伊索拉/第01卷/Isola 001-024.jpg',
              'https://images.dmzj.com/y/伊索拉/第01卷/Isola 001-025.jpg',
              'https://images.dmzj.com/y/伊索拉/第01卷/Isola 001-026.jpg',
              'https://images.dmzj.com/y/伊索拉/第01卷/Isola 001-027.jpg',
              'https://images.dmzj.com/y/伊索拉/第01卷/Isola 001-028.jpg',
              'https://images.dmzj.com/y/伊索拉/第01卷/Isola 001-029.jpg',
              'https://images.dmzj.com/y/伊索拉/第01卷/Isola 001-030.jpg',
              'https://images.dmzj.com/y/伊索拉/第01卷/Isola 001-031.jpg',
              'https://images.dmzj.com/y/伊索拉/第01卷/Isola 001-032.jpg',
              'https://images.dmzj.com/y/伊索拉/第01卷/Isola 001-033.jpg',
              'https://images.dmzj.com/y/伊索拉/第01卷/zWater.jpg',
              'https://images.dmzj.com/y/伊索拉/第01卷/z沏茶招新.jpg'],
 'title': '第01卷'}
2020-04-19 12:26:27 [scrapy.core.engine] DEBUG: Crawled (200) <GET https://m.dmzj.com/view/51473/92512.html> (referer: https://m.dmzj.com/info/51473.html)
2020-04-19 12:26:27 [urllib3.connectionpool] DEBUG: Starting new HTTPS connection (1): images.dmzj.com:443
2020-04-19 12:26:27 [urllib3.connectionpool] DEBUG: https://images.dmzj.com:443 "GET /y/%E4%BC%8A%E7%B4%A2%E6%8B%89/%E7%AC%AC02%E5%8D%B7/Isola%20002-000.jpg HTTP/1.1" 200 306624
2020-04-19 12:26:27 [urllib3.connectionpool] DEBUG: Starting new HTTPS connection (1): images.dmzj.com:443
2020-04-19 12:26:27 [urllib3.connectionpool] DEBUG: https://images.dmzj.com:443 "GET /y/%E4%BC%8A%E7%B4%A2%E6%8B%89/%E7%AC%AC02%E5%8D%B7/Isola%20002-001.jpg HTTP/1.1" 200 842102
2020-04-19 12:26:28 [urllib3.connectionpool] DEBUG: Starting new HTTPS connection (1): images.dmzj.com:443
2020-04-19 12:26:28 [urllib3.connectionpool] DEBUG: https://images.dmzj.com:443 "GET /y/%E4%BC%8A%E7%B4%A2%E6%8B%89/%E7%AC%AC02%E5%8D%B7/Isola%20002-002.jpg HTTP/1.1" 200 144063
2020-04-19 12:26:29 [urllib3.connectionpool] DEBUG: Starting new HTTPS connection (1): images.dmzj.com:443
2020-04-19 12:26:29 [urllib3.connectionpool] DEBUG: https://images.dmzj.com:443 "GET /y/%E4%BC%8A%E7%B4%A2%E6%8B%89/%E7%AC%AC02%E5%8D%B7/Isola%20002-003.jpg HTTP/1.1" 200 240963
2020-04-19 12:26:29 [urllib3.connectionpool] DEBUG: Starting new HTTPS connection (1): images.dmzj.com:443
2020-04-19 12:26:30 [urllib3.connectionpool] DEBUG: https://images.dmzj.com:443 "GET /y/%E4%BC%8A%E7%B4%A2%E6%8B%89/%E7%AC%AC02%E5%8D%B7/Isola%20002-004.jpg HTTP/1.1" 200 285131
2020-04-19 12:26:30 [urllib3.connectionpool] DEBUG: Starting new HTTPS connection (1): images.dmzj.com:443
2020-04-19 12:26:30 [urllib3.connectionpool] DEBUG: https://images.dmzj.com:443 "GET /y/%E4%BC%8A%E7%B4%A2%E6%8B%89/%E7%AC%AC02%E5%8D%B7/Isola%20002-005.jpg HTTP/1.1" 200 252158
2020-04-19 12:26:30 [urllib3.connectionpool] DEBUG: Starting new HTTPS connection (1): images.dmzj.com:443
2020-04-19 12:26:31 [urllib3.connectionpool] DEBUG: https://images.dmzj.com:443 "GET /y/%E4%BC%8A%E7%B4%A2%E6%8B%89/%E7%AC%AC02%E5%8D%B7/Isola%20002-006.jpg HTTP/1.1" 200 549083
2020-04-19 12:26:31 [urllib3.connectionpool] DEBUG: Starting new HTTPS connection (1): images.dmzj.com:443
2020-04-19 12:26:31 [urllib3.connectionpool] DEBUG: https://images.dmzj.com:443 "GET /y/%E4%BC%8A%E7%B4%A2%E6%8B%89/%E7%AC%AC02%E5%8D%B7/Isola%20002-007.jpg HTTP/1.1" 200 485105
2020-04-19 12:26:32 [urllib3.connectionpool] DEBUG: Starting new HTTPS connection (1): images.dmzj.com:443
2020-04-19 12:26:32 [urllib3.connectionpool] DEBUG: https://images.dmzj.com:443 "GET /y/%E4%BC%8A%E7%B4%A2%E6%8B%89/%E7%AC%AC02%E5%8D%B7/Isola%20002-008.jpg HTTP/1.1" 200 263527
2020-04-19 12:26:32 [urllib3.connectionpool] DEBUG: Starting new HTTPS connection (1): images.dmzj.com:443
2020-04-19 12:26:33 [urllib3.connectionpool] DEBUG: https://images.dmzj.com:443 "GET /y/%E4%BC%8A%E7%B4%A2%E6%8B%89/%E7%AC%AC02%E5%8D%B7/Isola%20002-009.jpg HTTP/1.1" 200 278737
2020-04-19 12:26:33 [urllib3.connectionpool] DEBUG: Starting new HTTPS connection (1): images.dmzj.com:443
2020-04-19 12:26:33 [urllib3.connectionpool] DEBUG: https://images.dmzj.com:443 "GET /y/%E4%BC%8A%E7%B4%A2%E6%8B%89/%E7%AC%AC02%E5%8D%B7/Isola%20002-010.jpg HTTP/1.1" 200 289576
2020-04-19 12:26:33 [urllib3.connectionpool] DEBUG: Starting new HTTPS connection (1): images.dmzj.com:443
2020-04-19 12:26:34 [urllib3.connectionpool] DEBUG: https://images.dmzj.com:443 "GET /y/%E4%BC%8A%E7%B4%A2%E6%8B%89/%E7%AC%AC02%E5%8D%B7/Isola%20002-011.jpg HTTP/1.1" 200 296232
2020-04-19 12:26:34 [urllib3.connectionpool] DEBUG: Starting new HTTPS connection (1): images.dmzj.com:443
2020-04-19 12:26:35 [urllib3.connectionpool] DEBUG: https://images.dmzj.com:443 "GET /y/%E4%BC%8A%E7%B4%A2%E6%8B%89/%E7%AC%AC02%E5%8D%B7/Isola%20002-012.jpg HTTP/1.1" 200 326442
2020-04-19 12:26:35 [urllib3.connectionpool] DEBUG: Starting new HTTPS connection (1): images.dmzj.com:443
2020-04-19 12:26:35 [urllib3.connectionpool] DEBUG: https://images.dmzj.com:443 "GET /y/%E4%BC%8A%E7%B4%A2%E6%8B%89/%E7%AC%AC02%E5%8D%B7/Isola%20002-013.jpg HTTP/1.1" 200 346434
2020-04-19 12:26:36 [urllib3.connectionpool] DEBUG: Starting new HTTPS connection (1): images.dmzj.com:443
2020-04-19 12:26:36 [urllib3.connectionpool] DEBUG: https://images.dmzj.com:443 "GET /y/%E4%BC%8A%E7%B4%A2%E6%8B%89/%E7%AC%AC02%E5%8D%B7/Isola%20002-014.jpg HTTP/1.1" 200 320721
2020-04-19 12:26:36 [urllib3.connectionpool] DEBUG: Starting new HTTPS connection (1): images.dmzj.com:443
2020-04-19 12:26:37 [urllib3.connectionpool] DEBUG: https://images.dmzj.com:443 "GET /y/%E4%BC%8A%E7%B4%A2%E6%8B%89/%E7%AC%AC02%E5%8D%B7/Isola%20002-015.jpg HTTP/1.1" 200 300150
2020-04-19 12:26:37 [urllib3.connectionpool] DEBUG: Starting new HTTPS connection (1): images.dmzj.com:443
2020-04-19 12:26:37 [urllib3.connectionpool] DEBUG: https://images.dmzj.com:443 "GET /y/%E4%BC%8A%E7%B4%A2%E6%8B%89/%E7%AC%AC02%E5%8D%B7/Isola%20002-016.jpg HTTP/1.1" 200 297836
2020-04-19 12:26:37 [urllib3.connectionpool] DEBUG: Starting new HTTPS connection (1): images.dmzj.com:443
2020-04-19 12:26:38 [urllib3.connectionpool] DEBUG: https://images.dmzj.com:443 "GET /y/%E4%BC%8A%E7%B4%A2%E6%8B%89/%E7%AC%AC02%E5%8D%B7/Isola%20002-017.jpg HTTP/1.1" 200 292168
2020-04-19 12:26:38 [urllib3.connectionpool] DEBUG: Starting new HTTPS connection (1): images.dmzj.com:443
2020-04-19 12:26:38 [urllib3.connectionpool] DEBUG: https://images.dmzj.com:443 "GET /y/%E4%BC%8A%E7%B4%A2%E6%8B%89/%E7%AC%AC02%E5%8D%B7/Isola%20002-018.jpg HTTP/1.1" 200 272378
2020-04-19 12:26:39 [urllib3.connectionpool] DEBUG: Starting new HTTPS connection (1): images.dmzj.com:443
2020-04-19 12:26:39 [urllib3.connectionpool] DEBUG: https://images.dmzj.com:443 "GET /y/%E4%BC%8A%E7%B4%A2%E6%8B%89/%E7%AC%AC02%E5%8D%B7/Isola%20002-019.jpg HTTP/1.1" 200 276512
2020-04-19 12:26:39 [urllib3.connectionpool] DEBUG: Starting new HTTPS connection (1): images.dmzj.com:443
2020-04-19 12:26:40 [urllib3.connectionpool] DEBUG: https://images.dmzj.com:443 "GET /y/%E4%BC%8A%E7%B4%A2%E6%8B%89/%E7%AC%AC02%E5%8D%B7/Isola%20002-020.jpg HTTP/1.1" 200 260320
2020-04-19 12:26:40 [urllib3.connectionpool] DEBUG: Starting new HTTPS connection (1): images.dmzj.com:443
2020-04-19 12:26:40 [urllib3.connectionpool] DEBUG: https://images.dmzj.com:443 "GET /y/%E4%BC%8A%E7%B4%A2%E6%8B%89/%E7%AC%AC02%E5%8D%B7/Isola%20002-021.jpg HTTP/1.1" 200 282791
2020-04-19 12:26:40 [urllib3.connectionpool] DEBUG: Starting new HTTPS connection (1): images.dmzj.com:443
2020-04-19 12:26:41 [urllib3.connectionpool] DEBUG: https://images.dmzj.com:443 "GET /y/%E4%BC%8A%E7%B4%A2%E6%8B%89/%E7%AC%AC02%E5%8D%B7/Isola%20002-022.jpg HTTP/1.1" 200 279675
2020-04-19 12:26:41 [urllib3.connectionpool] DEBUG: Starting new HTTPS connection (1): images.dmzj.com:443
2020-04-19 12:26:42 [urllib3.connectionpool] DEBUG: https://images.dmzj.com:443 "GET /y/%E4%BC%8A%E7%B4%A2%E6%8B%89/%E7%AC%AC02%E5%8D%B7/Isola%20002-023.jpg HTTP/1.1" 200 311067
2020-04-19 12:26:42 [urllib3.connectionpool] DEBUG: Starting new HTTPS connection (1): images.dmzj.com:443
2020-04-19 12:26:43 [urllib3.connectionpool] DEBUG: https://images.dmzj.com:443 "GET /y/%E4%BC%8A%E7%B4%A2%E6%8B%89/%E7%AC%AC02%E5%8D%B7/Isola%20002-024.jpg HTTP/1.1" 200 328517
2020-04-19 12:26:43 [urllib3.connectionpool] DEBUG: Starting new HTTPS connection (1): images.dmzj.com:443
2020-04-19 12:26:43 [urllib3.connectionpool] DEBUG: https://images.dmzj.com:443 "GET /y/%E4%BC%8A%E7%B4%A2%E6%8B%89/%E7%AC%AC02%E5%8D%B7/Isola%20002-025.jpg HTTP/1.1" 200 257634
2020-04-19 12:26:43 [urllib3.connectionpool] DEBUG: Starting new HTTPS connection (1): images.dmzj.com:443
2020-04-19 12:26:44 [urllib3.connectionpool] DEBUG: https://images.dmzj.com:443 "GET /y/%E4%BC%8A%E7%B4%A2%E6%8B%89/%E7%AC%AC02%E5%8D%B7/Isola%20002-026.jpg HTTP/1.1" 200 296795
2020-04-19 12:26:44 [urllib3.connectionpool] DEBUG: Starting new HTTPS connection (1): images.dmzj.com:443
2020-04-19 12:26:45 [urllib3.connectionpool] DEBUG: https://images.dmzj.com:443 "GET /y/%E4%BC%8A%E7%B4%A2%E6%8B%89/%E7%AC%AC02%E5%8D%B7/Isola%20002-027.jpg HTTP/1.1" 200 242047
2020-04-19 12:26:45 [urllib3.connectionpool] DEBUG: Starting new HTTPS connection (1): images.dmzj.com:443
2020-04-19 12:26:45 [urllib3.connectionpool] DEBUG: https://images.dmzj.com:443 "GET /y/%E4%BC%8A%E7%B4%A2%E6%8B%89/%E7%AC%AC02%E5%8D%B7/Isola%20002-028.jpg HTTP/1.1" 200 234340
2020-04-19 12:26:46 [urllib3.connectionpool] DEBUG: Starting new HTTPS connection (1): images.dmzj.com:443
2020-04-19 12:26:46 [urllib3.connectionpool] DEBUG: https://images.dmzj.com:443 "GET /y/%E4%BC%8A%E7%B4%A2%E6%8B%89/%E7%AC%AC02%E5%8D%B7/Isola%20002-029.jpg HTTP/1.1" 200 259485
2020-04-19 12:26:46 [urllib3.connectionpool] DEBUG: Starting new HTTPS connection (1): images.dmzj.com:443
2020-04-19 12:26:46 [urllib3.connectionpool] DEBUG: https://images.dmzj.com:443 "GET /y/%E4%BC%8A%E7%B4%A2%E6%8B%89/%E7%AC%AC02%E5%8D%B7/Isola%20002-030.jpg HTTP/1.1" 200 517302
2020-04-19 12:26:47 [urllib3.connectionpool] DEBUG: Starting new HTTPS connection (1): images.dmzj.com:443
2020-04-19 12:26:47 [urllib3.connectionpool] DEBUG: https://images.dmzj.com:443 "GET /y/%E4%BC%8A%E7%B4%A2%E6%8B%89/%E7%AC%AC02%E5%8D%B7/Isola%20002-031.jpg HTTP/1.1" 200 61581
2020-04-19 12:26:47 [urllib3.connectionpool] DEBUG: Starting new HTTPS connection (1): images.dmzj.com:443
2020-04-19 12:26:47 [urllib3.connectionpool] DEBUG: https://images.dmzj.com:443 "GET /y/%E4%BC%8A%E7%B4%A2%E6%8B%89/%E7%AC%AC02%E5%8D%B7/zWater.jpg HTTP/1.1" 200 261283
2020-04-19 12:26:48 [urllib3.connectionpool] DEBUG: Starting new HTTPS connection (1): images.dmzj.com:443
2020-04-19 12:26:48 [urllib3.connectionpool] DEBUG: https://images.dmzj.com:443 "GET /y/%E4%BC%8A%E7%B4%A2%E6%8B%89/%E7%AC%AC02%E5%8D%B7/z%E6%B2%8F%E8%8C%B6%E6%8B%9B%E6%96%B0.jpg HTTP/1.1" 200 340766
2020-04-19 12:26:49 [scrapy.core.scraper] DEBUG: Scraped from <200 https://m.dmzj.com/view/51473/92512.html>
{'big_title': '伊索拉',
 'pic_urls': ['https://images.dmzj.com/y/伊索拉/第02卷/Isola 002-000.jpg',
              'https://images.dmzj.com/y/伊索拉/第02卷/Isola 002-001.jpg',
              'https://images.dmzj.com/y/伊索拉/第02卷/Isola 002-002.jpg',
              'https://images.dmzj.com/y/伊索拉/第02卷/Isola 002-003.jpg',
              'https://images.dmzj.com/y/伊索拉/第02卷/Isola 002-004.jpg',
              'https://images.dmzj.com/y/伊索拉/第02卷/Isola 002-005.jpg',
              'https://images.dmzj.com/y/伊索拉/第02卷/Isola 002-006.jpg',
              'https://images.dmzj.com/y/伊索拉/第02卷/Isola 002-007.jpg',
              'https://images.dmzj.com/y/伊索拉/第02卷/Isola 002-008.jpg',
              'https://images.dmzj.com/y/伊索拉/第02卷/Isola 002-009.jpg',
              'https://images.dmzj.com/y/伊索拉/第02卷/Isola 002-010.jpg',
              'https://images.dmzj.com/y/伊索拉/第02卷/Isola 002-011.jpg',
              'https://images.dmzj.com/y/伊索拉/第02卷/Isola 002-012.jpg',
              'https://images.dmzj.com/y/伊索拉/第02卷/Isola 002-013.jpg',
              'https://images.dmzj.com/y/伊索拉/第02卷/Isola 002-014.jpg',
              'https://images.dmzj.com/y/伊索拉/第02卷/Isola 002-015.jpg',
              'https://images.dmzj.com/y/伊索拉/第02卷/Isola 002-016.jpg',
              'https://images.dmzj.com/y/伊索拉/第02卷/Isola 002-017.jpg',
              'https://images.dmzj.com/y/伊索拉/第02卷/Isola 002-018.jpg',
              'https://images.dmzj.com/y/伊索拉/第02卷/Isola 002-019.jpg',
              'https://images.dmzj.com/y/伊索拉/第02卷/Isola 002-020.jpg',
              'https://images.dmzj.com/y/伊索拉/第02卷/Isola 002-021.jpg',
              'https://images.dmzj.com/y/伊索拉/第02卷/Isola 002-022.jpg',
              'https://images.dmzj.com/y/伊索拉/第02卷/Isola 002-023.jpg',
              'https://images.dmzj.com/y/伊索拉/第02卷/Isola 002-024.jpg',
              'https://images.dmzj.com/y/伊索拉/第02卷/Isola 002-025.jpg',
              'https://images.dmzj.com/y/伊索拉/第02卷/Isola 002-026.jpg',
              'https://images.dmzj.com/y/伊索拉/第02卷/Isola 002-027.jpg',
              'https://images.dmzj.com/y/伊索拉/第02卷/Isola 002-028.jpg',
              'https://images.dmzj.com/y/伊索拉/第02卷/Isola 002-029.jpg',
              'https://images.dmzj.com/y/伊索拉/第02卷/Isola 002-030.jpg',
              'https://images.dmzj.com/y/伊索拉/第02卷/Isola 002-031.jpg',
              'https://images.dmzj.com/y/伊索拉/第02卷/zWater.jpg',
              'https://images.dmzj.com/y/伊索拉/第02卷/z沏茶招新.jpg'],
 'title': '第02卷'}
2020-04-19 12:26:49 [scrapy.core.engine] DEBUG: Crawled (200) <GET https://m.dmzj.com/view/51473/92879.html> (referer: https://m.dmzj.com/info/51473.html)
2020-04-19 12:26:49 [urllib3.connectionpool] DEBUG: Starting new HTTPS connection (1): images.dmzj.com:443
2020-04-19 12:26:50 [urllib3.connectionpool] DEBUG: https://images.dmzj.com:443 "GET /y/%E4%BC%8A%E7%B4%A2%E6%8B%89/%E7%AC%AC03%E5%8D%B7_1580648660/Isola%20003-000.jpg HTTP/1.1" 200 216538
2020-04-19 12:26:50 [urllib3.connectionpool] DEBUG: Starting new HTTPS connection (1): images.dmzj.com:443
2020-04-19 12:26:50 [urllib3.connectionpool] DEBUG: https://images.dmzj.com:443 "GET /y/%E4%BC%8A%E7%B4%A2%E6%8B%89/%E7%AC%AC03%E5%8D%B7_1580648660/Isola%20003-001.jpg HTTP/1.1" 200 501267
2020-04-19 12:26:51 [urllib3.connectionpool] DEBUG: Starting new HTTPS connection (1): images.dmzj.com:443
2020-04-19 12:26:51 [urllib3.connectionpool] DEBUG: https://images.dmzj.com:443 "GET /y/%E4%BC%8A%E7%B4%A2%E6%8B%89/%E7%AC%AC03%E5%8D%B7_1580648660/Isola%20003-002.jpg HTTP/1.1" 200 122729
2020-04-19 12:26:51 [urllib3.connectionpool] DEBUG: Starting new HTTPS connection (1): images.dmzj.com:443
2020-04-19 12:26:52 [urllib3.connectionpool] DEBUG: https://images.dmzj.com:443 "GET /y/%E4%BC%8A%E7%B4%A2%E6%8B%89/%E7%AC%AC03%E5%8D%B7_1580648660/Isola%20003-003.jpg HTTP/1.1" 200 163731
2020-04-19 12:26:52 [urllib3.connectionpool] DEBUG: Starting new HTTPS connection (1): images.dmzj.com:443
2020-04-19 12:26:52 [urllib3.connectionpool] DEBUG: https://images.dmzj.com:443 "GET /y/%E4%BC%8A%E7%B4%A2%E6%8B%89/%E7%AC%AC03%E5%8D%B7_1580648660/Isola%20003-004.jpg HTTP/1.1" 200 173103
2020-04-19 12:26:53 [urllib3.connectionpool] DEBUG: Starting new HTTPS connection (1): images.dmzj.com:443
2020-04-19 12:26:53 [urllib3.connectionpool] DEBUG: https://images.dmzj.com:443 "GET /y/%E4%BC%8A%E7%B4%A2%E6%8B%89/%E7%AC%AC03%E5%8D%B7_1580648660/Isola%20003-005.jpg HTTP/1.1" 200 186718
2020-04-19 12:26:53 [urllib3.connectionpool] DEBUG: Starting new HTTPS connection (1): images.dmzj.com:443
2020-04-19 12:26:53 [urllib3.connectionpool] DEBUG: https://images.dmzj.com:443 "GET /y/%E4%BC%8A%E7%B4%A2%E6%8B%89/%E7%AC%AC03%E5%8D%B7_1580648660/Isola%20003-006.jpg HTTP/1.1" 200 169242
2020-04-19 12:26:54 [urllib3.connectionpool] DEBUG: Starting new HTTPS connection (1): images.dmzj.com:443
2020-04-19 12:26:54 [urllib3.connectionpool] DEBUG: https://images.dmzj.com:443 "GET /y/%E4%BC%8A%E7%B4%A2%E6%8B%89/%E7%AC%AC03%E5%8D%B7_1580648660/Isola%20003-007.jpg HTTP/1.1" 200 185959
2020-04-19 12:26:54 [urllib3.connectionpool] DEBUG: Starting new HTTPS connection (1): images.dmzj.com:443
2020-04-19 12:26:54 [urllib3.connectionpool] DEBUG: https://images.dmzj.com:443 "GET /y/%E4%BC%8A%E7%B4%A2%E6%8B%89/%E7%AC%AC03%E5%8D%B7_1580648660/Isola%20003-008.jpg HTTP/1.1" 200 178728
2020-04-19 12:26:54 [urllib3.connectionpool] DEBUG: Starting new HTTPS connection (1): images.dmzj.com:443
2020-04-19 12:26:55 [urllib3.connectionpool] DEBUG: https://images.dmzj.com:443 "GET /y/%E4%BC%8A%E7%B4%A2%E6%8B%89/%E7%AC%AC03%E5%8D%B7_1580648660/Isola%20003-009.jpg HTTP/1.1" 200 214602
2020-04-19 12:26:55 [urllib3.connectionpool] DEBUG: Starting new HTTPS connection (1): images.dmzj.com:443
2020-04-19 12:26:56 [urllib3.connectionpool] DEBUG: https://images.dmzj.com:443 "GET /y/%E4%BC%8A%E7%B4%A2%E6%8B%89/%E7%AC%AC03%E5%8D%B7_1580648660/Isola%20003-010.jpg HTTP/1.1" 200 197468
2020-04-19 12:26:56 [urllib3.connectionpool] DEBUG: Starting new HTTPS connection (1): images.dmzj.com:443
2020-04-19 12:26:56 [urllib3.connectionpool] DEBUG: https://images.dmzj.com:443 "GET /y/%E4%BC%8A%E7%B4%A2%E6%8B%89/%E7%AC%AC03%E5%8D%B7_1580648660/Isola%20003-011.jpg HTTP/1.1" 200 195373
2020-04-19 12:26:56 [urllib3.connectionpool] DEBUG: Starting new HTTPS connection (1): images.dmzj.com:443
2020-04-19 12:26:56 [urllib3.connectionpool] DEBUG: https://images.dmzj.com:443 "GET /y/%E4%BC%8A%E7%B4%A2%E6%8B%89/%E7%AC%AC03%E5%8D%B7_1580648660/Isola%20003-012.jpg HTTP/1.1" 200 211781
2020-04-19 12:26:57 [urllib3.connectionpool] DEBUG: Starting new HTTPS connection (1): images.dmzj.com:443
2020-04-19 12:26:57 [urllib3.connectionpool] DEBUG: https://images.dmzj.com:443 "GET /y/%E4%BC%8A%E7%B4%A2%E6%8B%89/%E7%AC%AC03%E5%8D%B7_1580648660/Isola%20003-013.jpg HTTP/1.1" 200 193440
2020-04-19 12:26:57 [urllib3.connectionpool] DEBUG: Starting new HTTPS connection (1): images.dmzj.com:443
2020-04-19 12:26:57 [urllib3.connectionpool] DEBUG: https://images.dmzj.com:443 "GET /y/%E4%BC%8A%E7%B4%A2%E6%8B%89/%E7%AC%AC03%E5%8D%B7_1580648660/Isola%20003-014.jpg HTTP/1.1" 200 210511
2020-04-19 12:26:58 [urllib3.connectionpool] DEBUG: Starting new HTTPS connection (1): images.dmzj.com:443
2020-04-19 12:26:58 [urllib3.connectionpool] DEBUG: https://images.dmzj.com:443 "GET /y/%E4%BC%8A%E7%B4%A2%E6%8B%89/%E7%AC%AC03%E5%8D%B7_1580648660/Isola%20003-015.jpg HTTP/1.1" 200 207368
2020-04-19 12:26:58 [urllib3.connectionpool] DEBUG: Starting new HTTPS connection (1): images.dmzj.com:443
2020-04-19 12:26:59 [urllib3.connectionpool] DEBUG: https://images.dmzj.com:443 "GET /y/%E4%BC%8A%E7%B4%A2%E6%8B%89/%E7%AC%AC03%E5%8D%B7_1580648660/Isola%20003-016.jpg HTTP/1.1" 200 207122
2020-04-19 12:26:59 [urllib3.connectionpool] DEBUG: Starting new HTTPS connection (1): images.dmzj.com:443
2020-04-19 12:27:00 [urllib3.connectionpool] DEBUG: https://images.dmzj.com:443 "GET /y/%E4%BC%8A%E7%B4%A2%E6%8B%89/%E7%AC%AC03%E5%8D%B7_1580648660/Isola%20003-017.jpg HTTP/1.1" 200 178332
2020-04-19 12:27:00 [urllib3.connectionpool] DEBUG: Starting new HTTPS connection (1): images.dmzj.com:443
2020-04-19 12:27:00 [urllib3.connectionpool] DEBUG: https://images.dmzj.com:443 "GET /y/%E4%BC%8A%E7%B4%A2%E6%8B%89/%E7%AC%AC03%E5%8D%B7_1580648660/Isola%20003-018.jpg HTTP/1.1" 200 209071
2020-04-19 12:27:01 [urllib3.connectionpool] DEBUG: Starting new HTTPS connection (1): images.dmzj.com:443
2020-04-19 12:27:01 [urllib3.connectionpool] DEBUG: https://images.dmzj.com:443 "GET /y/%E4%BC%8A%E7%B4%A2%E6%8B%89/%E7%AC%AC03%E5%8D%B7_1580648660/Isola%20003-019.jpg HTTP/1.1" 200 182192
2020-04-19 12:27:01 [urllib3.connectionpool] DEBUG: Starting new HTTPS connection (1): images.dmzj.com:443
2020-04-19 12:27:02 [urllib3.connectionpool] DEBUG: https://images.dmzj.com:443 "GET /y/%E4%BC%8A%E7%B4%A2%E6%8B%89/%E7%AC%AC03%E5%8D%B7_1580648660/Isola%20003-020.jpg HTTP/1.1" 200 202043
2020-04-19 12:27:02 [urllib3.connectionpool] DEBUG: Starting new HTTPS connection (1): images.dmzj.com:443
2020-04-19 12:27:02 [urllib3.connectionpool] DEBUG: https://images.dmzj.com:443 "GET /y/%E4%BC%8A%E7%B4%A2%E6%8B%89/%E7%AC%AC03%E5%8D%B7_1580648660/Isola%20003-021.jpg HTTP/1.1" 200 251897
2020-04-19 12:27:02 [urllib3.connectionpool] DEBUG: Starting new HTTPS connection (1): images.dmzj.com:443
2020-04-19 12:27:03 [urllib3.connectionpool] DEBUG: https://images.dmzj.com:443 "GET /y/%E4%BC%8A%E7%B4%A2%E6%8B%89/%E7%AC%AC03%E5%8D%B7_1580648660/Isola%20003-022.jpg HTTP/1.1" 200 190571
2020-04-19 12:27:03 [urllib3.connectionpool] DEBUG: Starting new HTTPS connection (1): images.dmzj.com:443
2020-04-19 12:27:03 [urllib3.connectionpool] DEBUG: https://images.dmzj.com:443 "GET /y/%E4%BC%8A%E7%B4%A2%E6%8B%89/%E7%AC%AC03%E5%8D%B7_1580648660/Isola%20003-023.jpg HTTP/1.1" 200 146203
2020-04-19 12:27:03 [urllib3.connectionpool] DEBUG: Starting new HTTPS connection (1): images.dmzj.com:443
2020-04-19 12:27:04 [urllib3.connectionpool] DEBUG: https://images.dmzj.com:443 "GET /y/%E4%BC%8A%E7%B4%A2%E6%8B%89/%E7%AC%AC03%E5%8D%B7_1580648660/Isola%20003-024.jpg HTTP/1.1" 200 191477
2020-04-19 12:27:04 [urllib3.connectionpool] DEBUG: Starting new HTTPS connection (1): images.dmzj.com:443
2020-04-19 12:27:04 [urllib3.connectionpool] DEBUG: https://images.dmzj.com:443 "GET /y/%E4%BC%8A%E7%B4%A2%E6%8B%89/%E7%AC%AC03%E5%8D%B7_1580648660/Isola%20003-025.jpg HTTP/1.1" 200 35112
2020-04-19 12:27:04 [urllib3.connectionpool] DEBUG: Starting new HTTPS connection (1): images.dmzj.com:443
2020-04-19 12:27:05 [urllib3.connectionpool] DEBUG: https://images.dmzj.com:443 "GET /y/%E4%BC%8A%E7%B4%A2%E6%8B%89/%E7%AC%AC03%E5%8D%B7_1580648660/Isola%20003-026.jpg HTTP/1.1" 200 183220
2020-04-19 12:27:05 [urllib3.connectionpool] DEBUG: Starting new HTTPS connection (1): images.dmzj.com:443
2020-04-19 12:27:05 [urllib3.connectionpool] DEBUG: https://images.dmzj.com:443 "GET /y/%E4%BC%8A%E7%B4%A2%E6%8B%89/%E7%AC%AC03%E5%8D%B7_1580648660/Isola%20003-027.jpg HTTP/1.1" 200 191272
2020-04-19 12:27:06 [urllib3.connectionpool] DEBUG: Starting new HTTPS connection (1): images.dmzj.com:443
2020-04-19 12:27:06 [urllib3.connectionpool] DEBUG: https://images.dmzj.com:443 "GET /y/%E4%BC%8A%E7%B4%A2%E6%8B%89/%E7%AC%AC03%E5%8D%B7_1580648660/Isola%20003-028.jpg HTTP/1.1" 200 166620
2020-04-19 12:27:06 [urllib3.connectionpool] DEBUG: Starting new HTTPS connection (1): images.dmzj.com:443
2020-04-19 12:27:06 [urllib3.connectionpool] DEBUG: https://images.dmzj.com:443 "GET /y/%E4%BC%8A%E7%B4%A2%E6%8B%89/%E7%AC%AC03%E5%8D%B7_1580648660/Isola%20003-029.jpg HTTP/1.1" 200 187280
2020-04-19 12:27:07 [urllib3.connectionpool] DEBUG: Starting new HTTPS connection (1): images.dmzj.com:443
2020-04-19 12:27:07 [urllib3.connectionpool] DEBUG: https://images.dmzj.com:443 "GET /y/%E4%BC%8A%E7%B4%A2%E6%8B%89/%E7%AC%AC03%E5%8D%B7_1580648660/Isola%20003-030.jpg HTTP/1.1" 200 194566
2020-04-19 12:27:07 [urllib3.connectionpool] DEBUG: Starting new HTTPS connection (1): images.dmzj.com:443
2020-04-19 12:27:07 [urllib3.connectionpool] DEBUG: https://images.dmzj.com:443 "GET /y/%E4%BC%8A%E7%B4%A2%E6%8B%89/%E7%AC%AC03%E5%8D%B7_1580648660/Isola%20003-031.jpg HTTP/1.1" 200 181975
2020-04-19 12:27:07 [urllib3.connectionpool] DEBUG: Starting new HTTPS connection (1): images.dmzj.com:443
2020-04-19 12:27:08 [urllib3.connectionpool] DEBUG: https://images.dmzj.com:443 "GET /y/%E4%BC%8A%E7%B4%A2%E6%8B%89/%E7%AC%AC03%E5%8D%B7_1580648660/Isola%20003-032.jpg HTTP/1.1" 200 180681
2020-04-19 12:27:08 [urllib3.connectionpool] DEBUG: Starting new HTTPS connection (1): images.dmzj.com:443
2020-04-19 12:27:08 [urllib3.connectionpool] DEBUG: https://images.dmzj.com:443 "GET /y/%E4%BC%8A%E7%B4%A2%E6%8B%89/%E7%AC%AC03%E5%8D%B7_1580648660/Isola%20003-033.jpg HTTP/1.1" 200 157039
2020-04-19 12:27:08 [urllib3.connectionpool] DEBUG: Starting new HTTPS connection (1): images.dmzj.com:443
2020-04-19 12:27:09 [urllib3.connectionpool] DEBUG: https://images.dmzj.com:443 "GET /y/%E4%BC%8A%E7%B4%A2%E6%8B%89/%E7%AC%AC03%E5%8D%B7_1580648660/Isola%20003-034.jpg HTTP/1.1" 200 25869
2020-04-19 12:27:09 [urllib3.connectionpool] DEBUG: Starting new HTTPS connection (1): images.dmzj.com:443
2020-04-19 12:27:09 [urllib3.connectionpool] DEBUG: https://images.dmzj.com:443 "GET /y/%E4%BC%8A%E7%B4%A2%E6%8B%89/%E7%AC%AC03%E5%8D%B7_1580648660/zWater.jpg HTTP/1.1" 200 53407
2020-04-19 12:27:09 [urllib3.connectionpool] DEBUG: Starting new HTTPS connection (1): images.dmzj.com:443
2020-04-19 12:27:09 [urllib3.connectionpool] DEBUG: https://images.dmzj.com:443 "GET /y/%E4%BC%8A%E7%B4%A2%E6%8B%89/%E7%AC%AC03%E5%8D%B7_1580648660/z%E6%B2%8F%E8%8C%B6%E6%8B%9B%E6%96%B0.jpg HTTP/1.1" 200 240686
2020-04-19 12:27:10 [scrapy.core.scraper] DEBUG: Scraped from <200 https://m.dmzj.com/view/51473/92879.html>
{'big_title': '伊索拉',
 'pic_urls': ['https://images.dmzj.com/y/伊索拉/第03卷_1580648660/Isola 003-000.jpg',
              'https://images.dmzj.com/y/伊索拉/第03卷_1580648660/Isola 003-001.jpg',
              'https://images.dmzj.com/y/伊索拉/第03卷_1580648660/Isola 003-002.jpg',
              'https://images.dmzj.com/y/伊索拉/第03卷_1580648660/Isola 003-003.jpg',
              'https://images.dmzj.com/y/伊索拉/第03卷_1580648660/Isola 003-004.jpg',
              'https://images.dmzj.com/y/伊索拉/第03卷_1580648660/Isola 003-005.jpg',
              'https://images.dmzj.com/y/伊索拉/第03卷_1580648660/Isola 003-006.jpg',
              'https://images.dmzj.com/y/伊索拉/第03卷_1580648660/Isola 003-007.jpg',
              'https://images.dmzj.com/y/伊索拉/第03卷_1580648660/Isola 003-008.jpg',
              'https://images.dmzj.com/y/伊索拉/第03卷_1580648660/Isola 003-009.jpg',
              'https://images.dmzj.com/y/伊索拉/第03卷_1580648660/Isola 003-010.jpg',
              'https://images.dmzj.com/y/伊索拉/第03卷_1580648660/Isola 003-011.jpg',
              'https://images.dmzj.com/y/伊索拉/第03卷_1580648660/Isola 003-012.jpg',
              'https://images.dmzj.com/y/伊索拉/第03卷_1580648660/Isola 003-013.jpg',
              'https://images.dmzj.com/y/伊索拉/第03卷_1580648660/Isola 003-014.jpg',
              'https://images.dmzj.com/y/伊索拉/第03卷_1580648660/Isola 003-015.jpg',
              'https://images.dmzj.com/y/伊索拉/第03卷_1580648660/Isola 003-016.jpg',
              'https://images.dmzj.com/y/伊索拉/第03卷_1580648660/Isola 003-017.jpg',
              'https://images.dmzj.com/y/伊索拉/第03卷_1580648660/Isola 003-018.jpg',
              'https://images.dmzj.com/y/伊索拉/第03卷_1580648660/Isola 003-019.jpg',
              'https://images.dmzj.com/y/伊索拉/第03卷_1580648660/Isola 003-020.jpg',
              'https://images.dmzj.com/y/伊索拉/第03卷_1580648660/Isola 003-021.jpg',
              'https://images.dmzj.com/y/伊索拉/第03卷_1580648660/Isola 003-022.jpg',
              'https://images.dmzj.com/y/伊索拉/第03卷_1580648660/Isola 003-023.jpg',
              'https://images.dmzj.com/y/伊索拉/第03卷_1580648660/Isola 003-024.jpg',
              'https://images.dmzj.com/y/伊索拉/第03卷_1580648660/Isola 003-025.jpg',
              'https://images.dmzj.com/y/伊索拉/第03卷_1580648660/Isola 003-026.jpg',
              'https://images.dmzj.com/y/伊索拉/第03卷_1580648660/Isola 003-027.jpg',
              'https://images.dmzj.com/y/伊索拉/第03卷_1580648660/Isola 003-028.jpg',
              'https://images.dmzj.com/y/伊索拉/第03卷_1580648660/Isola 003-029.jpg',
              'https://images.dmzj.com/y/伊索拉/第03卷_1580648660/Isola 003-030.jpg',
              'https://images.dmzj.com/y/伊索拉/第03卷_1580648660/Isola 003-031.jpg',
              'https://images.dmzj.com/y/伊索拉/第03卷_1580648660/Isola 003-032.jpg',
              'https://images.dmzj.com/y/伊索拉/第03卷_1580648660/Isola 003-033.jpg',
              'https://images.dmzj.com/y/伊索拉/第03卷_1580648660/Isola 003-034.jpg',
              'https://images.dmzj.com/y/伊索拉/第03卷_1580648660/zWater.jpg',
              'https://images.dmzj.com/y/伊索拉/第03卷_1580648660/z沏茶招新.jpg'],
 'title': '第03卷'}
2020-04-19 12:27:10 [scrapy.extensions.logstats] INFO: Crawled 5 pages (at 5 pages/min), scraped 3 items (at 3 items/min)
2020-04-19 12:27:10 [scrapy.core.engine] DEBUG: Crawled (200) <GET https://m.dmzj.com/view/51473/93260.html> (referer: https://m.dmzj.com/info/51473.html)
2020-04-19 12:27:10 [urllib3.connectionpool] DEBUG: Starting new HTTPS connection (1): images.dmzj.com:443
2020-04-19 12:27:10 [urllib3.connectionpool] DEBUG: https://images.dmzj.com:443 "GET /y/%E4%BC%8A%E7%B4%A2%E6%8B%89/%E7%AC%AC04%E5%8D%B7_1581393274/Isola%20004-000.jpg HTTP/1.1" 200 206947
2020-04-19 12:27:11 [urllib3.connectionpool] DEBUG: Starting new HTTPS connection (1): images.dmzj.com:443
2020-04-19 12:27:11 [urllib3.connectionpool] DEBUG: https://images.dmzj.com:443 "GET /y/%E4%BC%8A%E7%B4%A2%E6%8B%89/%E7%AC%AC04%E5%8D%B7_1581393274/Isola%20004-001.jpg HTTP/1.1" 200 173842
2020-04-19 12:27:11 [urllib3.connectionpool] DEBUG: Starting new HTTPS connection (1): images.dmzj.com:443
2020-04-19 12:27:11 [urllib3.connectionpool] DEBUG: https://images.dmzj.com:443 "GET /y/%E4%BC%8A%E7%B4%A2%E6%8B%89/%E7%AC%AC04%E5%8D%B7_1581393274/Isola%20004-002.jpg HTTP/1.1" 200 129061
2020-04-19 12:27:12 [urllib3.connectionpool] DEBUG: Starting new HTTPS connection (1): images.dmzj.com:443
2020-04-19 12:27:12 [urllib3.connectionpool] DEBUG: https://images.dmzj.com:443 "GET /y/%E4%BC%8A%E7%B4%A2%E6%8B%89/%E7%AC%AC04%E5%8D%B7_1581393274/Isola%20004-003.jpg HTTP/1.1" 200 168798
2020-04-19 12:27:12 [urllib3.connectionpool] DEBUG: Starting new HTTPS connection (1): images.dmzj.com:443
2020-04-19 12:27:13 [urllib3.connectionpool] DEBUG: https://images.dmzj.com:443 "GET /y/%E4%BC%8A%E7%B4%A2%E6%8B%89/%E7%AC%AC04%E5%8D%B7_1581393274/Isola%20004-004.jpg HTTP/1.1" 200 206134
2020-04-19 12:27:13 [urllib3.connectionpool] DEBUG: Starting new HTTPS connection (1): images.dmzj.com:443
2020-04-19 12:27:13 [urllib3.connectionpool] DEBUG: https://images.dmzj.com:443 "GET /y/%E4%BC%8A%E7%B4%A2%E6%8B%89/%E7%AC%AC04%E5%8D%B7_1581393274/Isola%20004-005.jpg HTTP/1.1" 200 196368
2020-04-19 12:27:13 [urllib3.connectionpool] DEBUG: Starting new HTTPS connection (1): images.dmzj.com:443
2020-04-19 12:27:14 [urllib3.connectionpool] DEBUG: https://images.dmzj.com:443 "GET /y/%E4%BC%8A%E7%B4%A2%E6%8B%89/%E7%AC%AC04%E5%8D%B7_1581393274/Isola%20004-006.jpg HTTP/1.1" 200 185795
2020-04-19 12:27:14 [urllib3.connectionpool] DEBUG: Starting new HTTPS connection (1): images.dmzj.com:443
2020-04-19 12:27:14 [urllib3.connectionpool] DEBUG: https://images.dmzj.com:443 "GET /y/%E4%BC%8A%E7%B4%A2%E6%8B%89/%E7%AC%AC04%E5%8D%B7_1581393274/Isola%20004-007.jpg HTTP/1.1" 200 193774
2020-04-19 12:27:14 [urllib3.connectionpool] DEBUG: Starting new HTTPS connection (1): images.dmzj.com:443
2020-04-19 12:27:15 [urllib3.connectionpool] DEBUG: https://images.dmzj.com:443 "GET /y/%E4%BC%8A%E7%B4%A2%E6%8B%89/%E7%AC%AC04%E5%8D%B7_1581393274/Isola%20004-008.jpg HTTP/1.1" 200 194629
2020-04-19 12:27:15 [urllib3.connectionpool] DEBUG: Starting new HTTPS connection (1): images.dmzj.com:443
2020-04-19 12:27:15 [urllib3.connectionpool] DEBUG: https://images.dmzj.com:443 "GET /y/%E4%BC%8A%E7%B4%A2%E6%8B%89/%E7%AC%AC04%E5%8D%B7_1581393274/Isola%20004-009.jpg HTTP/1.1" 200 238320
2020-04-19 12:27:15 [urllib3.connectionpool] DEBUG: Starting new HTTPS connection (1): images.dmzj.com:443
2020-04-19 12:27:16 [urllib3.connectionpool] DEBUG: https://images.dmzj.com:443 "GET /y/%E4%BC%8A%E7%B4%A2%E6%8B%89/%E7%AC%AC04%E5%8D%B7_1581393274/Isola%20004-010.jpg HTTP/1.1" 200 199951
2020-04-19 12:27:16 [urllib3.connectionpool] DEBUG: Starting new HTTPS connection (1): images.dmzj.com:443
2020-04-19 12:27:16 [urllib3.connectionpool] DEBUG: https://images.dmzj.com:443 "GET /y/%E4%BC%8A%E7%B4%A2%E6%8B%89/%E7%AC%AC04%E5%8D%B7_1581393274/Isola%20004-011.jpg HTTP/1.1" 200 205568
2020-04-19 12:27:16 [urllib3.connectionpool] DEBUG: Starting new HTTPS connection (1): images.dmzj.com:443
2020-04-19 12:27:17 [urllib3.connectionpool] DEBUG: https://images.dmzj.com:443 "GET /y/%E4%BC%8A%E7%B4%A2%E6%8B%89/%E7%AC%AC04%E5%8D%B7_1581393274/Isola%20004-012.jpg HTTP/1.1" 200 200077
2020-04-19 12:27:17 [urllib3.connectionpool] DEBUG: Starting new HTTPS connection (1): images.dmzj.com:443
2020-04-19 12:27:17 [urllib3.connectionpool] DEBUG: https://images.dmzj.com:443 "GET /y/%E4%BC%8A%E7%B4%A2%E6%8B%89/%E7%AC%AC04%E5%8D%B7_1581393274/Isola%20004-013.jpg HTTP/1.1" 200 204467
2020-04-19 12:27:17 [urllib3.connectionpool] DEBUG: Starting new HTTPS connection (1): images.dmzj.com:443
2020-04-19 12:27:18 [urllib3.connectionpool] DEBUG: https://images.dmzj.com:443 "GET /y/%E4%BC%8A%E7%B4%A2%E6%8B%89/%E7%AC%AC04%E5%8D%B7_1581393274/Isola%20004-014.jpg HTTP/1.1" 200 224848
2020-04-19 12:27:18 [urllib3.connectionpool] DEBUG: Starting new HTTPS connection (1): images.dmzj.com:443
2020-04-19 12:27:18 [urllib3.connectionpool] DEBUG: https://images.dmzj.com:443 "GET /y/%E4%BC%8A%E7%B4%A2%E6%8B%89/%E7%AC%AC04%E5%8D%B7_1581393274/Isola%20004-015.jpg HTTP/1.1" 200 251490
2020-04-19 12:27:18 [urllib3.connectionpool] DEBUG: Starting new HTTPS connection (1): images.dmzj.com:443
2020-04-19 12:27:19 [urllib3.connectionpool] DEBUG: https://images.dmzj.com:443 "GET /y/%E4%BC%8A%E7%B4%A2%E6%8B%89/%E7%AC%AC04%E5%8D%B7_1581393274/Isola%20004-016.jpg HTTP/1.1" 200 228163
2020-04-19 12:27:19 [urllib3.connectionpool] DEBUG: Starting new HTTPS connection (1): images.dmzj.com:443
2020-04-19 12:27:19 [urllib3.connectionpool] DEBUG: https://images.dmzj.com:443 "GET /y/%E4%BC%8A%E7%B4%A2%E6%8B%89/%E7%AC%AC04%E5%8D%B7_1581393274/Isola%20004-017.jpg HTTP/1.1" 200 217513
2020-04-19 12:27:19 [urllib3.connectionpool] DEBUG: Starting new HTTPS connection (1): images.dmzj.com:443
2020-04-19 12:27:20 [urllib3.connectionpool] DEBUG: https://images.dmzj.com:443 "GET /y/%E4%BC%8A%E7%B4%A2%E6%8B%89/%E7%AC%AC04%E5%8D%B7_1581393274/Isola%20004-018.jpg HTTP/1.1" 200 207923
2020-04-19 12:27:20 [urllib3.connectionpool] DEBUG: Starting new HTTPS connection (1): images.dmzj.com:443
2020-04-19 12:27:20 [urllib3.connectionpool] DEBUG: https://images.dmzj.com:443 "GET /y/%E4%BC%8A%E7%B4%A2%E6%8B%89/%E7%AC%AC04%E5%8D%B7_1581393274/Isola%20004-019.jpg HTTP/1.1" 200 208608
2020-04-19 12:27:21 [urllib3.connectionpool] DEBUG: Starting new HTTPS connection (1): images.dmzj.com:443
2020-04-19 12:27:21 [urllib3.connectionpool] DEBUG: https://images.dmzj.com:443 "GET /y/%E4%BC%8A%E7%B4%A2%E6%8B%89/%E7%AC%AC04%E5%8D%B7_1581393274/Isola%20004-020.jpg HTTP/1.1" 200 205106
2020-04-19 12:27:21 [urllib3.connectionpool] DEBUG: Starting new HTTPS connection (1): images.dmzj.com:443
2020-04-19 12:27:22 [urllib3.connectionpool] DEBUG: https://images.dmzj.com:443 "GET /y/%E4%BC%8A%E7%B4%A2%E6%8B%89/%E7%AC%AC04%E5%8D%B7_1581393274/Isola%20004-021.jpg HTTP/1.1" 200 177364
2020-04-19 12:27:22 [urllib3.connectionpool] DEBUG: Starting new HTTPS connection (1): images.dmzj.com:443
2020-04-19 12:27:22 [urllib3.connectionpool] DEBUG: https://images.dmzj.com:443 "GET /y/%E4%BC%8A%E7%B4%A2%E6%8B%89/%E7%AC%AC04%E5%8D%B7_1581393274/Isola%20004-022.jpg HTTP/1.1" 200 193188
2020-04-19 12:27:22 [urllib3.connectionpool] DEBUG: Starting new HTTPS connection (1): images.dmzj.com:443
2020-04-19 12:27:23 [urllib3.connectionpool] DEBUG: https://images.dmzj.com:443 "GET /y/%E4%BC%8A%E7%B4%A2%E6%8B%89/%E7%AC%AC04%E5%8D%B7_1581393274/Isola%20004-023.jpg HTTP/1.1" 200 234846
2020-04-19 12:27:23 [urllib3.connectionpool] DEBUG: Starting new HTTPS connection (1): images.dmzj.com:443
2020-04-19 12:27:24 [urllib3.connectionpool] DEBUG: https://images.dmzj.com:443 "GET /y/%E4%BC%8A%E7%B4%A2%E6%8B%89/%E7%AC%AC04%E5%8D%B7_1581393274/Isola%20004-024.jpg HTTP/1.1" 200 217882
2020-04-19 12:27:24 [urllib3.connectionpool] DEBUG: Starting new HTTPS connection (1): images.dmzj.com:443
2020-04-19 12:27:24 [urllib3.connectionpool] DEBUG: https://images.dmzj.com:443 "GET /y/%E4%BC%8A%E7%B4%A2%E6%8B%89/%E7%AC%AC04%E5%8D%B7_1581393274/Isola%20004-025.jpg HTTP/1.1" 200 42090
2020-04-19 12:27:24 [urllib3.connectionpool] DEBUG: Starting new HTTPS connection (1): images.dmzj.com:443
2020-04-19 12:27:25 [urllib3.connectionpool] DEBUG: https://images.dmzj.com:443 "GET /y/%E4%BC%8A%E7%B4%A2%E6%8B%89/%E7%AC%AC04%E5%8D%B7_1581393274/zWater.jpg HTTP/1.1" 200 42105
2020-04-19 12:27:25 [urllib3.connectionpool] DEBUG: Starting new HTTPS connection (1): images.dmzj.com:443
2020-04-19 12:27:26 [urllib3.connectionpool] DEBUG: https://images.dmzj.com:443 "GET /y/%E4%BC%8A%E7%B4%A2%E6%8B%89/%E7%AC%AC04%E5%8D%B7_1581393274/z%E6%B2%8F%E8%8C%B6%E6%8B%9B%E6%96%B0.jpg HTTP/1.1" 200 240686
2020-04-19 12:27:26 [scrapy.core.scraper] DEBUG: Scraped from <200 https://m.dmzj.com/view/51473/93260.html>
{'big_title': '伊索拉',
 'pic_urls': ['https://images.dmzj.com/y/伊索拉/第04卷_1581393274/Isola 004-000.jpg',
              'https://images.dmzj.com/y/伊索拉/第04卷_1581393274/Isola 004-001.jpg',
              'https://images.dmzj.com/y/伊索拉/第04卷_1581393274/Isola 004-002.jpg',
              'https://images.dmzj.com/y/伊索拉/第04卷_1581393274/Isola 004-003.jpg',
              'https://images.dmzj.com/y/伊索拉/第04卷_1581393274/Isola 004-004.jpg',
              'https://images.dmzj.com/y/伊索拉/第04卷_1581393274/Isola 004-005.jpg',
              'https://images.dmzj.com/y/伊索拉/第04卷_1581393274/Isola 004-006.jpg',
              'https://images.dmzj.com/y/伊索拉/第04卷_1581393274/Isola 004-007.jpg',
              'https://images.dmzj.com/y/伊索拉/第04卷_1581393274/Isola 004-008.jpg',
              'https://images.dmzj.com/y/伊索拉/第04卷_1581393274/Isola 004-009.jpg',
              'https://images.dmzj.com/y/伊索拉/第04卷_1581393274/Isola 004-010.jpg',
              'https://images.dmzj.com/y/伊索拉/第04卷_1581393274/Isola 004-011.jpg',
              'https://images.dmzj.com/y/伊索拉/第04卷_1581393274/Isola 004-012.jpg',
              'https://images.dmzj.com/y/伊索拉/第04卷_1581393274/Isola 004-013.jpg',
              'https://images.dmzj.com/y/伊索拉/第04卷_1581393274/Isola 004-014.jpg',
              'https://images.dmzj.com/y/伊索拉/第04卷_1581393274/Isola 004-015.jpg',
              'https://images.dmzj.com/y/伊索拉/第04卷_1581393274/Isola 004-016.jpg',
              'https://images.dmzj.com/y/伊索拉/第04卷_1581393274/Isola 004-017.jpg',
              'https://images.dmzj.com/y/伊索拉/第04卷_1581393274/Isola 004-018.jpg',
              'https://images.dmzj.com/y/伊索拉/第04卷_1581393274/Isola 004-019.jpg',
              'https://images.dmzj.com/y/伊索拉/第04卷_1581393274/Isola 004-020.jpg',
              'https://images.dmzj.com/y/伊索拉/第04卷_1581393274/Isola 004-021.jpg',
              'https://images.dmzj.com/y/伊索拉/第04卷_1581393274/Isola 004-022.jpg',
              'https://images.dmzj.com/y/伊索拉/第04卷_1581393274/Isola 004-023.jpg',
              'https://images.dmzj.com/y/伊索拉/第04卷_1581393274/Isola 004-024.jpg',
              'https://images.dmzj.com/y/伊索拉/第04卷_1581393274/Isola 004-025.jpg',
              'https://images.dmzj.com/y/伊索拉/第04卷_1581393274/zWater.jpg',
              'https://images.dmzj.com/y/伊索拉/第04卷_1581393274/z沏茶招新.jpg'],
 'title': '第04卷'}
2020-04-19 12:27:26 [scrapy.core.engine] DEBUG: Crawled (200) <GET https://m.dmzj.com/view/51473/94531.html> (referer: https://m.dmzj.com/info/51473.html)
2020-04-19 12:27:26 [urllib3.connectionpool] DEBUG: Starting new HTTPS connection (1): images.dmzj.com:443
2020-04-19 12:27:27 [urllib3.connectionpool] DEBUG: https://images.dmzj.com:443 "GET /y/%E4%BC%8A%E7%B4%A2%E6%8B%89/%E7%AC%AC05%E5%8D%B7/Isola%20005-000.jpg HTTP/1.1" 200 299463
2020-04-19 12:27:27 [urllib3.connectionpool] DEBUG: Starting new HTTPS connection (1): images.dmzj.com:443
2020-04-19 12:27:27 [urllib3.connectionpool] DEBUG: https://images.dmzj.com:443 "GET /y/%E4%BC%8A%E7%B4%A2%E6%8B%89/%E7%AC%AC05%E5%8D%B7/Isola%20005-001.jpg HTTP/1.1" 200 610568
2020-04-19 12:27:28 [urllib3.connectionpool] DEBUG: Starting new HTTPS connection (1): images.dmzj.com:443
2020-04-19 12:27:28 [urllib3.connectionpool] DEBUG: https://images.dmzj.com:443 "GET /y/%E4%BC%8A%E7%B4%A2%E6%8B%89/%E7%AC%AC05%E5%8D%B7/Isola%20005-002.jpg HTTP/1.1" 200 238852
2020-04-19 12:27:28 [urllib3.connectionpool] DEBUG: Starting new HTTPS connection (1): images.dmzj.com:443
2020-04-19 12:27:29 [urllib3.connectionpool] DEBUG: https://images.dmzj.com:443 "GET /y/%E4%BC%8A%E7%B4%A2%E6%8B%89/%E7%AC%AC05%E5%8D%B7/Isola%20005-003.jpg HTTP/1.1" 200 289667
2020-04-19 12:27:29 [urllib3.connectionpool] DEBUG: Starting new HTTPS connection (1): images.dmzj.com:443
2020-04-19 12:27:29 [urllib3.connectionpool] DEBUG: https://images.dmzj.com:443 "GET /y/%E4%BC%8A%E7%B4%A2%E6%8B%89/%E7%AC%AC05%E5%8D%B7/Isola%20005-004.jpg HTTP/1.1" 200 286748
2020-04-19 12:27:29 [urllib3.connectionpool] DEBUG: Starting new HTTPS connection (1): images.dmzj.com:443
2020-04-19 12:27:30 [urllib3.connectionpool] DEBUG: https://images.dmzj.com:443 "GET /y/%E4%BC%8A%E7%B4%A2%E6%8B%89/%E7%AC%AC05%E5%8D%B7/Isola%20005-005.jpg HTTP/1.1" 200 252434
2020-04-19 12:27:30 [urllib3.connectionpool] DEBUG: Starting new HTTPS connection (1): images.dmzj.com:443
2020-04-19 12:27:30 [urllib3.connectionpool] DEBUG: https://images.dmzj.com:443 "GET /y/%E4%BC%8A%E7%B4%A2%E6%8B%89/%E7%AC%AC05%E5%8D%B7/Isola%20005-006.jpg HTTP/1.1" 200 263653
2020-04-19 12:27:31 [urllib3.connectionpool] DEBUG: Starting new HTTPS connection (1): images.dmzj.com:443
2020-04-19 12:27:31 [urllib3.connectionpool] DEBUG: https://images.dmzj.com:443 "GET /y/%E4%BC%8A%E7%B4%A2%E6%8B%89/%E7%AC%AC05%E5%8D%B7/Isola%20005-007.jpg HTTP/1.1" 200 185178
2020-04-19 12:27:31 [urllib3.connectionpool] DEBUG: Starting new HTTPS connection (1): images.dmzj.com:443
2020-04-19 12:27:31 [urllib3.connectionpool] DEBUG: https://images.dmzj.com:443 "GET /y/%E4%BC%8A%E7%B4%A2%E6%8B%89/%E7%AC%AC05%E5%8D%B7/Isola%20005-008.jpg HTTP/1.1" 200 235014
2020-04-19 12:27:32 [urllib3.connectionpool] DEBUG: Starting new HTTPS connection (1): images.dmzj.com:443
2020-04-19 12:27:32 [urllib3.connectionpool] DEBUG: https://images.dmzj.com:443 "GET /y/%E4%BC%8A%E7%B4%A2%E6%8B%89/%E7%AC%AC05%E5%8D%B7/Isola%20005-009.jpg HTTP/1.1" 200 208867
2020-04-19 12:27:32 [urllib3.connectionpool] DEBUG: Starting new HTTPS connection (1): images.dmzj.com:443
2020-04-19 12:27:33 [urllib3.connectionpool] DEBUG: https://images.dmzj.com:443 "GET /y/%E4%BC%8A%E7%B4%A2%E6%8B%89/%E7%AC%AC05%E5%8D%B7/Isola%20005-010.jpg HTTP/1.1" 200 233549
2020-04-19 12:27:33 [urllib3.connectionpool] DEBUG: Starting new HTTPS connection (1): images.dmzj.com:443
2020-04-19 12:27:33 [urllib3.connectionpool] DEBUG: https://images.dmzj.com:443 "GET /y/%E4%BC%8A%E7%B4%A2%E6%8B%89/%E7%AC%AC05%E5%8D%B7/Isola%20005-011.jpg HTTP/1.1" 200 243247
2020-04-19 12:27:33 [urllib3.connectionpool] DEBUG: Starting new HTTPS connection (1): images.dmzj.com:443
2020-04-19 12:27:34 [urllib3.connectionpool] DEBUG: https://images.dmzj.com:443 "GET /y/%E4%BC%8A%E7%B4%A2%E6%8B%89/%E7%AC%AC05%E5%8D%B7/Isola%20005-012.jpg HTTP/1.1" 200 242040
2020-04-19 12:27:34 [urllib3.connectionpool] DEBUG: Starting new HTTPS connection (1): images.dmzj.com:443
2020-04-19 12:27:34 [urllib3.connectionpool] DEBUG: https://images.dmzj.com:443 "GET /y/%E4%BC%8A%E7%B4%A2%E6%8B%89/%E7%AC%AC05%E5%8D%B7/Isola%20005-013.jpg HTTP/1.1" 200 233461
2020-04-19 12:27:35 [urllib3.connectionpool] DEBUG: Starting new HTTPS connection (1): images.dmzj.com:443
2020-04-19 12:27:35 [urllib3.connectionpool] DEBUG: https://images.dmzj.com:443 "GET /y/%E4%BC%8A%E7%B4%A2%E6%8B%89/%E7%AC%AC05%E5%8D%B7/Isola%20005-014.jpg HTTP/1.1" 200 253218
2020-04-19 12:27:35 [urllib3.connectionpool] DEBUG: Starting new HTTPS connection (1): images.dmzj.com:443
2020-04-19 12:27:36 [urllib3.connectionpool] DEBUG: https://images.dmzj.com:443 "GET /y/%E4%BC%8A%E7%B4%A2%E6%8B%89/%E7%AC%AC05%E5%8D%B7/Isola%20005-015.jpg HTTP/1.1" 200 189931
2020-04-19 12:27:36 [urllib3.connectionpool] DEBUG: Starting new HTTPS connection (1): images.dmzj.com:443
2020-04-19 12:27:36 [urllib3.connectionpool] DEBUG: https://images.dmzj.com:443 "GET /y/%E4%BC%8A%E7%B4%A2%E6%8B%89/%E7%AC%AC05%E5%8D%B7/Isola%20005-016.jpg HTTP/1.1" 200 238041
2020-04-19 12:27:37 [urllib3.connectionpool] DEBUG: Starting new HTTPS connection (1): images.dmzj.com:443
2020-04-19 12:27:37 [urllib3.connectionpool] DEBUG: https://images.dmzj.com:443 "GET /y/%E4%BC%8A%E7%B4%A2%E6%8B%89/%E7%AC%AC05%E5%8D%B7/Isola%20005-017.jpg HTTP/1.1" 200 247581
2020-04-19 12:27:37 [urllib3.connectionpool] DEBUG: Starting new HTTPS connection (1): images.dmzj.com:443
2020-04-19 12:27:37 [urllib3.connectionpool] DEBUG: https://images.dmzj.com:443 "GET /y/%E4%BC%8A%E7%B4%A2%E6%8B%89/%E7%AC%AC05%E5%8D%B7/Isola%20005-018.jpg HTTP/1.1" 200 153302
2020-04-19 12:27:37 [urllib3.connectionpool] DEBUG: Starting new HTTPS connection (1): images.dmzj.com:443
2020-04-19 12:27:38 [urllib3.connectionpool] DEBUG: https://images.dmzj.com:443 "GET /y/%E4%BC%8A%E7%B4%A2%E6%8B%89/%E7%AC%AC05%E5%8D%B7/Isola%20005-019.jpg HTTP/1.1" 200 195633
2020-04-19 12:27:38 [urllib3.connectionpool] DEBUG: Starting new HTTPS connection (1): images.dmzj.com:443
2020-04-19 12:27:38 [urllib3.connectionpool] DEBUG: https://images.dmzj.com:443 "GET /y/%E4%BC%8A%E7%B4%A2%E6%8B%89/%E7%AC%AC05%E5%8D%B7/Isola%20005-020.jpg HTTP/1.1" 200 190722
2020-04-19 12:27:38 [urllib3.connectionpool] DEBUG: Starting new HTTPS connection (1): images.dmzj.com:443
2020-04-19 12:27:39 [urllib3.connectionpool] DEBUG: https://images.dmzj.com:443 "GET /y/%E4%BC%8A%E7%B4%A2%E6%8B%89/%E7%AC%AC05%E5%8D%B7/Isola%20005-021.jpg HTTP/1.1" 200 191028
2020-04-19 12:27:39 [urllib3.connectionpool] DEBUG: Starting new HTTPS connection (1): images.dmzj.com:443
2020-04-19 12:27:39 [urllib3.connectionpool] DEBUG: https://images.dmzj.com:443 "GET /y/%E4%BC%8A%E7%B4%A2%E6%8B%89/%E7%AC%AC05%E5%8D%B7/Isola%20005-022.jpg HTTP/1.1" 200 260349
2020-04-19 12:27:39 [urllib3.connectionpool] DEBUG: Starting new HTTPS connection (1): images.dmzj.com:443
2020-04-19 12:27:40 [urllib3.connectionpool] DEBUG: https://images.dmzj.com:443 "GET /y/%E4%BC%8A%E7%B4%A2%E6%8B%89/%E7%AC%AC05%E5%8D%B7/Isola%20005-023.jpg HTTP/1.1" 200 234530
2020-04-19 12:27:40 [urllib3.connectionpool] DEBUG: Starting new HTTPS connection (1): images.dmzj.com:443
2020-04-19 12:27:41 [urllib3.connectionpool] DEBUG: https://images.dmzj.com:443 "GET /y/%E4%BC%8A%E7%B4%A2%E6%8B%89/%E7%AC%AC05%E5%8D%B7/Isola%20005-024.jpg HTTP/1.1" 200 206020
2020-04-19 12:27:41 [urllib3.connectionpool] DEBUG: Starting new HTTPS connection (1): images.dmzj.com:443
2020-04-19 12:27:41 [urllib3.connectionpool] DEBUG: https://images.dmzj.com:443 "GET /y/%E4%BC%8A%E7%B4%A2%E6%8B%89/%E7%AC%AC05%E5%8D%B7/Isola%20005-025.jpg HTTP/1.1" 200 232843
2020-04-19 12:27:42 [urllib3.connectionpool] DEBUG: Starting new HTTPS connection (1): images.dmzj.com:443
2020-04-19 12:27:42 [urllib3.connectionpool] DEBUG: https://images.dmzj.com:443 "GET /y/%E4%BC%8A%E7%B4%A2%E6%8B%89/%E7%AC%AC05%E5%8D%B7/Isola%20005-026.jpg HTTP/1.1" 200 33360
2020-04-19 12:27:42 [urllib3.connectionpool] DEBUG: Starting new HTTPS connection (1): images.dmzj.com:443
2020-04-19 12:27:42 [urllib3.connectionpool] DEBUG: https://images.dmzj.com:443 "GET /y/%E4%BC%8A%E7%B4%A2%E6%8B%89/%E7%AC%AC05%E5%8D%B7/zWater.jpg HTTP/1.1" 200 117763
2020-04-19 12:27:43 [urllib3.connectionpool] DEBUG: Starting new HTTPS connection (1): images.dmzj.com:443
2020-04-19 12:27:43 [urllib3.connectionpool] DEBUG: https://images.dmzj.com:443 "GET /y/%E4%BC%8A%E7%B4%A2%E6%8B%89/%E7%AC%AC05%E5%8D%B7/z%E6%B2%8F%E8%8C%B6%E6%8B%9B%E6%96%B0.jpg HTTP/1.1" 200 295573
2020-04-19 12:27:43 [scrapy.core.scraper] DEBUG: Scraped from <200 https://m.dmzj.com/view/51473/94531.html>
{'big_title': '伊索拉',
 'pic_urls': ['https://images.dmzj.com/y/伊索拉/第05卷/Isola 005-000.jpg',
              'https://images.dmzj.com/y/伊索拉/第05卷/Isola 005-001.jpg',
              'https://images.dmzj.com/y/伊索拉/第05卷/Isola 005-002.jpg',
              'https://images.dmzj.com/y/伊索拉/第05卷/Isola 005-003.jpg',
              'https://images.dmzj.com/y/伊索拉/第05卷/Isola 005-004.jpg',
              'https://images.dmzj.com/y/伊索拉/第05卷/Isola 005-005.jpg',
              'https://images.dmzj.com/y/伊索拉/第05卷/Isola 005-006.jpg',
              'https://images.dmzj.com/y/伊索拉/第05卷/Isola 005-007.jpg',
              'https://images.dmzj.com/y/伊索拉/第05卷/Isola 005-008.jpg',
              'https://images.dmzj.com/y/伊索拉/第05卷/Isola 005-009.jpg',
              'https://images.dmzj.com/y/伊索拉/第05卷/Isola 005-010.jpg',
              'https://images.dmzj.com/y/伊索拉/第05卷/Isola 005-011.jpg',
              'https://images.dmzj.com/y/伊索拉/第05卷/Isola 005-012.jpg',
              'https://images.dmzj.com/y/伊索拉/第05卷/Isola 005-013.jpg',
              'https://images.dmzj.com/y/伊索拉/第05卷/Isola 005-014.jpg',
              'https://images.dmzj.com/y/伊索拉/第05卷/Isola 005-015.jpg',
              'https://images.dmzj.com/y/伊索拉/第05卷/Isola 005-016.jpg',
              'https://images.dmzj.com/y/伊索拉/第05卷/Isola 005-017.jpg',
              'https://images.dmzj.com/y/伊索拉/第05卷/Isola 005-018.jpg',
              'https://images.dmzj.com/y/伊索拉/第05卷/Isola 005-019.jpg',
              'https://images.dmzj.com/y/伊索拉/第05卷/Isola 005-020.jpg',
              'https://images.dmzj.com/y/伊索拉/第05卷/Isola 005-021.jpg',
              'https://images.dmzj.com/y/伊索拉/第05卷/Isola 005-022.jpg',
              'https://images.dmzj.com/y/伊索拉/第05卷/Isola 005-023.jpg',
              'https://images.dmzj.com/y/伊索拉/第05卷/Isola 005-024.jpg',
              'https://images.dmzj.com/y/伊索拉/第05卷/Isola 005-025.jpg',
              'https://images.dmzj.com/y/伊索拉/第05卷/Isola 005-026.jpg',
              'https://images.dmzj.com/y/伊索拉/第05卷/zWater.jpg',
              'https://images.dmzj.com/y/伊索拉/第05卷/z沏茶招新.jpg'],
 'title': '第05卷'}
2020-04-19 12:27:44 [scrapy.core.engine] DEBUG: Crawled (200) <GET https://m.dmzj.com/view/51473/95150.html> (referer: https://m.dmzj.com/info/51473.html)
2020-04-19 12:27:44 [urllib3.connectionpool] DEBUG: Starting new HTTPS connection (1): images.dmzj.com:443
2020-04-19 12:27:44 [urllib3.connectionpool] DEBUG: https://images.dmzj.com:443 "GET /y/%E4%BC%8A%E7%B4%A2%E6%8B%89/%E7%AC%AC06%E5%8D%B7/Isola%20006-000.jpg HTTP/1.1" 200 207222
2020-04-19 12:27:44 [urllib3.connectionpool] DEBUG: Starting new HTTPS connection (1): images.dmzj.com:443
2020-04-19 12:27:44 [urllib3.connectionpool] DEBUG: https://images.dmzj.com:443 "GET /y/%E4%BC%8A%E7%B4%A2%E6%8B%89/%E7%AC%AC06%E5%8D%B7/Isola%20006-001.jpg HTTP/1.1" 200 340535
2020-04-19 12:27:45 [urllib3.connectionpool] DEBUG: Starting new HTTPS connection (1): images.dmzj.com:443
2020-04-19 12:27:45 [urllib3.connectionpool] DEBUG: https://images.dmzj.com:443 "GET /y/%E4%BC%8A%E7%B4%A2%E6%8B%89/%E7%AC%AC06%E5%8D%B7/Isola%20006-002.jpg HTTP/1.1" 200 172985
2020-04-19 12:27:45 [urllib3.connectionpool] DEBUG: Starting new HTTPS connection (1): images.dmzj.com:443
2020-04-19 12:27:46 [urllib3.connectionpool] DEBUG: https://images.dmzj.com:443 "GET /y/%E4%BC%8A%E7%B4%A2%E6%8B%89/%E7%AC%AC06%E5%8D%B7/Isola%20006-003.jpg HTTP/1.1" 200 158586
2020-04-19 12:27:46 [urllib3.connectionpool] DEBUG: Starting new HTTPS connection (1): images.dmzj.com:443
2020-04-19 12:27:46 [urllib3.connectionpool] DEBUG: https://images.dmzj.com:443 "GET /y/%E4%BC%8A%E7%B4%A2%E6%8B%89/%E7%AC%AC06%E5%8D%B7/Isola%20006-004.jpg HTTP/1.1" 200 172033
2020-04-19 12:27:47 [urllib3.connectionpool] DEBUG: Starting new HTTPS connection (1): images.dmzj.com:443
2020-04-19 12:27:47 [urllib3.connectionpool] DEBUG: https://images.dmzj.com:443 "GET /y/%E4%BC%8A%E7%B4%A2%E6%8B%89/%E7%AC%AC06%E5%8D%B7/Isola%20006-005.jpg HTTP/1.1" 200 156922
2020-04-19 12:27:48 [urllib3.connectionpool] DEBUG: Starting new HTTPS connection (1): images.dmzj.com:443
2020-04-19 12:27:49 [urllib3.connectionpool] DEBUG: https://images.dmzj.com:443 "GET /y/%E4%BC%8A%E7%B4%A2%E6%8B%89/%E7%AC%AC06%E5%8D%B7/Isola%20006-006.jpg HTTP/1.1" 200 149446
2020-04-19 12:27:49 [urllib3.connectionpool] DEBUG: Starting new HTTPS connection (1): images.dmzj.com:443
2020-04-19 12:27:50 [urllib3.connectionpool] DEBUG: https://images.dmzj.com:443 "GET /y/%E4%BC%8A%E7%B4%A2%E6%8B%89/%E7%AC%AC06%E5%8D%B7/Isola%20006-007.jpg HTTP/1.1" 200 174824
2020-04-19 12:27:50 [urllib3.connectionpool] DEBUG: Starting new HTTPS connection (1): images.dmzj.com:443
2020-04-19 12:27:50 [urllib3.connectionpool] DEBUG: https://images.dmzj.com:443 "GET /y/%E4%BC%8A%E7%B4%A2%E6%8B%89/%E7%AC%AC06%E5%8D%B7/Isola%20006-008.jpg HTTP/1.1" 200 186262
2020-04-19 12:27:51 [urllib3.connectionpool] DEBUG: Starting new HTTPS connection (1): images.dmzj.com:443
2020-04-19 12:27:51 [urllib3.connectionpool] DEBUG: https://images.dmzj.com:443 "GET /y/%E4%BC%8A%E7%B4%A2%E6%8B%89/%E7%AC%AC06%E5%8D%B7/Isola%20006-009.jpg HTTP/1.1" 200 175789
2020-04-19 12:27:51 [urllib3.connectionpool] DEBUG: Starting new HTTPS connection (1): images.dmzj.com:443
2020-04-19 12:27:51 [urllib3.connectionpool] DEBUG: https://images.dmzj.com:443 "GET /y/%E4%BC%8A%E7%B4%A2%E6%8B%89/%E7%AC%AC06%E5%8D%B7/Isola%20006-010.jpg HTTP/1.1" 200 173842
2020-04-19 12:27:51 [urllib3.connectionpool] DEBUG: Starting new HTTPS connection (1): images.dmzj.com:443
2020-04-19 12:27:52 [urllib3.connectionpool] DEBUG: https://images.dmzj.com:443 "GET /y/%E4%BC%8A%E7%B4%A2%E6%8B%89/%E7%AC%AC06%E5%8D%B7/Isola%20006-011.jpg HTTP/1.1" 200 159966
2020-04-19 12:27:52 [urllib3.connectionpool] DEBUG: Starting new HTTPS connection (1): images.dmzj.com:443
2020-04-19 12:27:52 [urllib3.connectionpool] DEBUG: https://images.dmzj.com:443 "GET /y/%E4%BC%8A%E7%B4%A2%E6%8B%89/%E7%AC%AC06%E5%8D%B7/Isola%20006-012.jpg HTTP/1.1" 200 179556
2020-04-19 12:27:52 [urllib3.connectionpool] DEBUG: Starting new HTTPS connection (1): images.dmzj.com:443
2020-04-19 12:27:52 [urllib3.connectionpool] DEBUG: https://images.dmzj.com:443 "GET /y/%E4%BC%8A%E7%B4%A2%E6%8B%89/%E7%AC%AC06%E5%8D%B7/Isola%20006-013.jpg HTTP/1.1" 200 206140
2020-04-19 12:27:53 [urllib3.connectionpool] DEBUG: Starting new HTTPS connection (1): images.dmzj.com:443
2020-04-19 12:27:53 [urllib3.connectionpool] DEBUG: https://images.dmzj.com:443 "GET /y/%E4%BC%8A%E7%B4%A2%E6%8B%89/%E7%AC%AC06%E5%8D%B7/Isola%20006-014.jpg HTTP/1.1" 200 293396
2020-04-19 12:27:53 [urllib3.connectionpool] DEBUG: Starting new HTTPS connection (1): images.dmzj.com:443
2020-04-19 12:27:54 [urllib3.connectionpool] DEBUG: https://images.dmzj.com:443 "GET /y/%E4%BC%8A%E7%B4%A2%E6%8B%89/%E7%AC%AC06%E5%8D%B7/Isola%20006-015.jpg HTTP/1.1" 200 207331
2020-04-19 12:27:54 [urllib3.connectionpool] DEBUG: Starting new HTTPS connection (1): images.dmzj.com:443
2020-04-19 12:27:54 [urllib3.connectionpool] DEBUG: https://images.dmzj.com:443 "GET /y/%E4%BC%8A%E7%B4%A2%E6%8B%89/%E7%AC%AC06%E5%8D%B7/Isola%20006-016.jpg HTTP/1.1" 200 197701
2020-04-19 12:27:54 [urllib3.connectionpool] DEBUG: Starting new HTTPS connection (1): images.dmzj.com:443
2020-04-19 12:27:55 [urllib3.connectionpool] DEBUG: https://images.dmzj.com:443 "GET /y/%E4%BC%8A%E7%B4%A2%E6%8B%89/%E7%AC%AC06%E5%8D%B7/Isola%20006-017.jpg HTTP/1.1" 200 185949
2020-04-19 12:27:55 [urllib3.connectionpool] DEBUG: Starting new HTTPS connection (1): images.dmzj.com:443
2020-04-19 12:27:55 [urllib3.connectionpool] DEBUG: https://images.dmzj.com:443 "GET /y/%E4%BC%8A%E7%B4%A2%E6%8B%89/%E7%AC%AC06%E5%8D%B7/Isola%20006-018.jpg HTTP/1.1" 200 156827
2020-04-19 12:27:55 [urllib3.connectionpool] DEBUG: Starting new HTTPS connection (1): images.dmzj.com:443
2020-04-19 12:27:55 [urllib3.connectionpool] DEBUG: https://images.dmzj.com:443 "GET /y/%E4%BC%8A%E7%B4%A2%E6%8B%89/%E7%AC%AC06%E5%8D%B7/Isola%20006-019.jpg HTTP/1.1" 200 181635
2020-04-19 12:27:55 [urllib3.connectionpool] DEBUG: Starting new HTTPS connection (1): images.dmzj.com:443
2020-04-19 12:27:56 [urllib3.connectionpool] DEBUG: https://images.dmzj.com:443 "GET /y/%E4%BC%8A%E7%B4%A2%E6%8B%89/%E7%AC%AC06%E5%8D%B7/Isola%20006-020.jpg HTTP/1.1" 200 196682
2020-04-19 12:27:57 [urllib3.connectionpool] DEBUG: Starting new HTTPS connection (1): images.dmzj.com:443
2020-04-19 12:27:58 [urllib3.connectionpool] DEBUG: https://images.dmzj.com:443 "GET /y/%E4%BC%8A%E7%B4%A2%E6%8B%89/%E7%AC%AC06%E5%8D%B7/Isola%20006-021.jpg HTTP/1.1" 200 201051
2020-04-19 12:27:58 [urllib3.connectionpool] DEBUG: Starting new HTTPS connection (1): images.dmzj.com:443
2020-04-19 12:27:58 [urllib3.connectionpool] DEBUG: https://images.dmzj.com:443 "GET /y/%E4%BC%8A%E7%B4%A2%E6%8B%89/%E7%AC%AC06%E5%8D%B7/Isola%20006-022.jpg HTTP/1.1" 200 194921
2020-04-19 12:27:58 [urllib3.connectionpool] DEBUG: Starting new HTTPS connection (1): images.dmzj.com:443
2020-04-19 12:27:59 [urllib3.connectionpool] DEBUG: https://images.dmzj.com:443 "GET /y/%E4%BC%8A%E7%B4%A2%E6%8B%89/%E7%AC%AC06%E5%8D%B7/Isola%20006-023.jpg HTTP/1.1" 200 217512
2020-04-19 12:28:00 [urllib3.connectionpool] DEBUG: Starting new HTTPS connection (1): images.dmzj.com:443
2020-04-19 12:28:01 [urllib3.connectionpool] DEBUG: https://images.dmzj.com:443 "GET /y/%E4%BC%8A%E7%B4%A2%E6%8B%89/%E7%AC%AC06%E5%8D%B7/Isola%20006-024.jpg HTTP/1.1" 200 202038
2020-04-19 12:28:01 [urllib3.connectionpool] DEBUG: Starting new HTTPS connection (1): images.dmzj.com:443
2020-04-19 12:28:01 [urllib3.connectionpool] DEBUG: https://images.dmzj.com:443 "GET /y/%E4%BC%8A%E7%B4%A2%E6%8B%89/%E7%AC%AC06%E5%8D%B7/Isola%20006-025.jpg HTTP/1.1" 200 71215
2020-04-19 12:28:01 [urllib3.connectionpool] DEBUG: Starting new HTTPS connection (1): images.dmzj.com:443
2020-04-19 12:28:02 [urllib3.connectionpool] DEBUG: https://images.dmzj.com:443 "GET /y/%E4%BC%8A%E7%B4%A2%E6%8B%89/%E7%AC%AC06%E5%8D%B7/zWater.jpg HTTP/1.1" 200 179436
2020-04-19 12:28:02 [urllib3.connectionpool] DEBUG: Starting new HTTPS connection (1): images.dmzj.com:443
2020-04-19 12:28:02 [urllib3.connectionpool] DEBUG: https://images.dmzj.com:443 "GET /y/%E4%BC%8A%E7%B4%A2%E6%8B%89/%E7%AC%AC06%E5%8D%B7/z%E6%B2%8F%E8%8C%B6%E6%8B%9B%E6%96%B0.jpg HTTP/1.1" 200 217746
2020-04-19 12:28:02 [scrapy.core.scraper] DEBUG: Scraped from <200 https://m.dmzj.com/view/51473/95150.html>
{'big_title': '伊索拉',
 'pic_urls': ['https://images.dmzj.com/y/伊索拉/第06卷/Isola 006-000.jpg',
              'https://images.dmzj.com/y/伊索拉/第06卷/Isola 006-001.jpg',
              'https://images.dmzj.com/y/伊索拉/第06卷/Isola 006-002.jpg',
              'https://images.dmzj.com/y/伊索拉/第06卷/Isola 006-003.jpg',
              'https://images.dmzj.com/y/伊索拉/第06卷/Isola 006-004.jpg',
              'https://images.dmzj.com/y/伊索拉/第06卷/Isola 006-005.jpg',
              'https://images.dmzj.com/y/伊索拉/第06卷/Isola 006-006.jpg',
              'https://images.dmzj.com/y/伊索拉/第06卷/Isola 006-007.jpg',
              'https://images.dmzj.com/y/伊索拉/第06卷/Isola 006-008.jpg',
              'https://images.dmzj.com/y/伊索拉/第06卷/Isola 006-009.jpg',
              'https://images.dmzj.com/y/伊索拉/第06卷/Isola 006-010.jpg',
              'https://images.dmzj.com/y/伊索拉/第06卷/Isola 006-011.jpg',
              'https://images.dmzj.com/y/伊索拉/第06卷/Isola 006-012.jpg',
              'https://images.dmzj.com/y/伊索拉/第06卷/Isola 006-013.jpg',
              'https://images.dmzj.com/y/伊索拉/第06卷/Isola 006-014.jpg',
              'https://images.dmzj.com/y/伊索拉/第06卷/Isola 006-015.jpg',
              'https://images.dmzj.com/y/伊索拉/第06卷/Isola 006-016.jpg',
              'https://images.dmzj.com/y/伊索拉/第06卷/Isola 006-017.jpg',
              'https://images.dmzj.com/y/伊索拉/第06卷/Isola 006-018.jpg',
              'https://images.dmzj.com/y/伊索拉/第06卷/Isola 006-019.jpg',
              'https://images.dmzj.com/y/伊索拉/第06卷/Isola 006-020.jpg',
              'https://images.dmzj.com/y/伊索拉/第06卷/Isola 006-021.jpg',
              'https://images.dmzj.com/y/伊索拉/第06卷/Isola 006-022.jpg',
              'https://images.dmzj.com/y/伊索拉/第06卷/Isola 006-023.jpg',
              'https://images.dmzj.com/y/伊索拉/第06卷/Isola 006-024.jpg',
              'https://images.dmzj.com/y/伊索拉/第06卷/Isola 006-025.jpg',
              'https://images.dmzj.com/y/伊索拉/第06卷/zWater.jpg',
              'https://images.dmzj.com/y/伊索拉/第06卷/z沏茶招新.jpg'],
 'title': '第06卷'}
2020-04-19 12:28:03 [scrapy.extensions.logstats] INFO: Crawled 8 pages (at 3 pages/min), scraped 6 items (at 3 items/min)
2020-04-19 12:28:03 [scrapy.core.engine] DEBUG: Crawled (200) <GET https://m.dmzj.com/view/51473/96547.html> (referer: https://m.dmzj.com/info/51473.html)
2020-04-19 12:28:03 [urllib3.connectionpool] DEBUG: Starting new HTTPS connection (1): images.dmzj.com:443
2020-04-19 12:28:03 [urllib3.connectionpool] DEBUG: https://images.dmzj.com:443 "GET /y/%E4%BC%8A%E7%B4%A2%E6%8B%89/%E7%AC%AC07%E8%AF%9D/Isola%20007-000.jpg HTTP/1.1" 200 256154
2020-04-19 12:28:03 [urllib3.connectionpool] DEBUG: Starting new HTTPS connection (1): images.dmzj.com:443
2020-04-19 12:28:03 [urllib3.connectionpool] DEBUG: https://images.dmzj.com:443 "GET /y/%E4%BC%8A%E7%B4%A2%E6%8B%89/%E7%AC%AC07%E8%AF%9D/Isola%20007-001.jpg HTTP/1.1" 200 260942
2020-04-19 12:28:04 [urllib3.connectionpool] DEBUG: Starting new HTTPS connection (1): images.dmzj.com:443
2020-04-19 12:28:04 [urllib3.connectionpool] DEBUG: https://images.dmzj.com:443 "GET /y/%E4%BC%8A%E7%B4%A2%E6%8B%89/%E7%AC%AC07%E8%AF%9D/Isola%20007-002.jpg HTTP/1.1" 200 549933
2020-04-19 12:28:05 [urllib3.connectionpool] DEBUG: Starting new HTTPS connection (1): images.dmzj.com:443
2020-04-19 12:28:05 [urllib3.connectionpool] DEBUG: https://images.dmzj.com:443 "GET /y/%E4%BC%8A%E7%B4%A2%E6%8B%89/%E7%AC%AC07%E8%AF%9D/Isola%20007-003.jpg HTTP/1.1" 200 228769
2020-04-19 12:28:05 [urllib3.connectionpool] DEBUG: Starting new HTTPS connection (1): images.dmzj.com:443
2020-04-19 12:28:05 [urllib3.connectionpool] DEBUG: https://images.dmzj.com:443 "GET /y/%E4%BC%8A%E7%B4%A2%E6%8B%89/%E7%AC%AC07%E8%AF%9D/Isola%20007-004.jpg HTTP/1.1" 200 212198
2020-04-19 12:28:05 [urllib3.connectionpool] DEBUG: Starting new HTTPS connection (1): images.dmzj.com:443
2020-04-19 12:28:06 [urllib3.connectionpool] DEBUG: https://images.dmzj.com:443 "GET /y/%E4%BC%8A%E7%B4%A2%E6%8B%89/%E7%AC%AC07%E8%AF%9D/Isola%20007-005.jpg HTTP/1.1" 200 231278
2020-04-19 12:28:06 [urllib3.connectionpool] DEBUG: Starting new HTTPS connection (1): images.dmzj.com:443
2020-04-19 12:28:06 [urllib3.connectionpool] DEBUG: https://images.dmzj.com:443 "GET /y/%E4%BC%8A%E7%B4%A2%E6%8B%89/%E7%AC%AC07%E8%AF%9D/Isola%20007-006.jpg HTTP/1.1" 200 238722
2020-04-19 12:28:06 [urllib3.connectionpool] DEBUG: Starting new HTTPS connection (1): images.dmzj.com:443
2020-04-19 12:28:06 [urllib3.connectionpool] DEBUG: https://images.dmzj.com:443 "GET /y/%E4%BC%8A%E7%B4%A2%E6%8B%89/%E7%AC%AC07%E8%AF%9D/Isola%20007-007.jpg HTTP/1.1" 200 357721
2020-04-19 12:28:06 [urllib3.connectionpool] DEBUG: Starting new HTTPS connection (1): images.dmzj.com:443
2020-04-19 12:28:07 [urllib3.connectionpool] DEBUG: https://images.dmzj.com:443 "GET /y/%E4%BC%8A%E7%B4%A2%E6%8B%89/%E7%AC%AC07%E8%AF%9D/Isola%20007-008.jpg HTTP/1.1" 200 212877
2020-04-19 12:28:07 [urllib3.connectionpool] DEBUG: Starting new HTTPS connection (1): images.dmzj.com:443
2020-04-19 12:28:07 [urllib3.connectionpool] DEBUG: https://images.dmzj.com:443 "GET /y/%E4%BC%8A%E7%B4%A2%E6%8B%89/%E7%AC%AC07%E8%AF%9D/Isola%20007-009.jpg HTTP/1.1" 200 228612
2020-04-19 12:28:07 [urllib3.connectionpool] DEBUG: Starting new HTTPS connection (1): images.dmzj.com:443
2020-04-19 12:28:07 [urllib3.connectionpool] DEBUG: https://images.dmzj.com:443 "GET /y/%E4%BC%8A%E7%B4%A2%E6%8B%89/%E7%AC%AC07%E8%AF%9D/Isola%20007-010.jpg HTTP/1.1" 200 211400
2020-04-19 12:28:07 [urllib3.connectionpool] DEBUG: Starting new HTTPS connection (1): images.dmzj.com:443
2020-04-19 12:28:08 [urllib3.connectionpool] DEBUG: https://images.dmzj.com:443 "GET /y/%E4%BC%8A%E7%B4%A2%E6%8B%89/%E7%AC%AC07%E8%AF%9D/Isola%20007-011.jpg HTTP/1.1" 200 207978
2020-04-19 12:28:08 [urllib3.connectionpool] DEBUG: Starting new HTTPS connection (1): images.dmzj.com:443
2020-04-19 12:28:08 [urllib3.connectionpool] DEBUG: https://images.dmzj.com:443 "GET /y/%E4%BC%8A%E7%B4%A2%E6%8B%89/%E7%AC%AC07%E8%AF%9D/Isola%20007-012.jpg HTTP/1.1" 200 206588
2020-04-19 12:28:08 [urllib3.connectionpool] DEBUG: Starting new HTTPS connection (1): images.dmzj.com:443
2020-04-19 12:28:08 [urllib3.connectionpool] DEBUG: https://images.dmzj.com:443 "GET /y/%E4%BC%8A%E7%B4%A2%E6%8B%89/%E7%AC%AC07%E8%AF%9D/Isola%20007-013.jpg HTTP/1.1" 200 211563
2020-04-19 12:28:08 [urllib3.connectionpool] DEBUG: Starting new HTTPS connection (1): images.dmzj.com:443
2020-04-19 12:28:08 [urllib3.connectionpool] DEBUG: https://images.dmzj.com:443 "GET /y/%E4%BC%8A%E7%B4%A2%E6%8B%89/%E7%AC%AC07%E8%AF%9D/Isola%20007-014.jpg HTTP/1.1" 200 192302
2020-04-19 12:28:09 [urllib3.connectionpool] DEBUG: Starting new HTTPS connection (1): images.dmzj.com:443
2020-04-19 12:28:09 [urllib3.connectionpool] DEBUG: https://images.dmzj.com:443 "GET /y/%E4%BC%8A%E7%B4%A2%E6%8B%89/%E7%AC%AC07%E8%AF%9D/Isola%20007-015.jpg HTTP/1.1" 200 202830
2020-04-19 12:28:09 [urllib3.connectionpool] DEBUG: Starting new HTTPS connection (1): images.dmzj.com:443
2020-04-19 12:28:09 [urllib3.connectionpool] DEBUG: https://images.dmzj.com:443 "GET /y/%E4%BC%8A%E7%B4%A2%E6%8B%89/%E7%AC%AC07%E8%AF%9D/Isola%20007-016.jpg HTTP/1.1" 200 199280
2020-04-19 12:28:09 [urllib3.connectionpool] DEBUG: Starting new HTTPS connection (1): images.dmzj.com:443
2020-04-19 12:28:09 [urllib3.connectionpool] DEBUG: https://images.dmzj.com:443 "GET /y/%E4%BC%8A%E7%B4%A2%E6%8B%89/%E7%AC%AC07%E8%AF%9D/Isola%20007-017.jpg HTTP/1.1" 200 239158
2020-04-19 12:28:09 [urllib3.connectionpool] DEBUG: Starting new HTTPS connection (1): images.dmzj.com:443
2020-04-19 12:28:10 [urllib3.connectionpool] DEBUG: https://images.dmzj.com:443 "GET /y/%E4%BC%8A%E7%B4%A2%E6%8B%89/%E7%AC%AC07%E8%AF%9D/Isola%20007-018.jpg HTTP/1.1" 200 197917
2020-04-19 12:28:10 [urllib3.connectionpool] DEBUG: Starting new HTTPS connection (1): images.dmzj.com:443
2020-04-19 12:28:10 [urllib3.connectionpool] DEBUG: https://images.dmzj.com:443 "GET /y/%E4%BC%8A%E7%B4%A2%E6%8B%89/%E7%AC%AC07%E8%AF%9D/Isola%20007-019.jpg HTTP/1.1" 200 235605
2020-04-19 12:28:11 [urllib3.connectionpool] DEBUG: Starting new HTTPS connection (1): images.dmzj.com:443
2020-04-19 12:28:11 [urllib3.connectionpool] DEBUG: https://images.dmzj.com:443 "GET /y/%E4%BC%8A%E7%B4%A2%E6%8B%89/%E7%AC%AC07%E8%AF%9D/Isola%20007-020.jpg HTTP/1.1" 200 191230
2020-04-19 12:28:11 [urllib3.connectionpool] DEBUG: Starting new HTTPS connection (1): images.dmzj.com:443
2020-04-19 12:28:11 [urllib3.connectionpool] DEBUG: https://images.dmzj.com:443 "GET /y/%E4%BC%8A%E7%B4%A2%E6%8B%89/%E7%AC%AC07%E8%AF%9D/Isola%20007-021.jpg HTTP/1.1" 200 150859
2020-04-19 12:28:11 [urllib3.connectionpool] DEBUG: Starting new HTTPS connection (1): images.dmzj.com:443
2020-04-19 12:28:11 [urllib3.connectionpool] DEBUG: https://images.dmzj.com:443 "GET /y/%E4%BC%8A%E7%B4%A2%E6%8B%89/%E7%AC%AC07%E8%AF%9D/Isola%20007-022.jpg HTTP/1.1" 200 195310
2020-04-19 12:28:11 [urllib3.connectionpool] DEBUG: Starting new HTTPS connection (1): images.dmzj.com:443
2020-04-19 12:28:11 [urllib3.connectionpool] DEBUG: https://images.dmzj.com:443 "GET /y/%E4%BC%8A%E7%B4%A2%E6%8B%89/%E7%AC%AC07%E8%AF%9D/Isola%20007-023.jpg HTTP/1.1" 200 230123
2020-04-19 12:28:12 [urllib3.connectionpool] DEBUG: Starting new HTTPS connection (1): images.dmzj.com:443
2020-04-19 12:28:12 [urllib3.connectionpool] DEBUG: https://images.dmzj.com:443 "GET /y/%E4%BC%8A%E7%B4%A2%E6%8B%89/%E7%AC%AC07%E8%AF%9D/Isola%20007-024.jpg HTTP/1.1" 200 279170
2020-04-19 12:28:12 [urllib3.connectionpool] DEBUG: Starting new HTTPS connection (1): images.dmzj.com:443
2020-04-19 12:28:12 [urllib3.connectionpool] DEBUG: https://images.dmzj.com:443 "GET /y/%E4%BC%8A%E7%B4%A2%E6%8B%89/%E7%AC%AC07%E8%AF%9D/Isola%20007-025.jpg HTTP/1.1" 200 263561
2020-04-19 12:28:12 [urllib3.connectionpool] DEBUG: Starting new HTTPS connection (1): images.dmzj.com:443
2020-04-19 12:28:12 [urllib3.connectionpool] DEBUG: https://images.dmzj.com:443 "GET /y/%E4%BC%8A%E7%B4%A2%E6%8B%89/%E7%AC%AC07%E8%AF%9D/Isola%20007-026.jpg HTTP/1.1" 200 33116
2020-04-19 12:28:12 [urllib3.connectionpool] DEBUG: Starting new HTTPS connection (1): images.dmzj.com:443
2020-04-19 12:28:12 [urllib3.connectionpool] DEBUG: https://images.dmzj.com:443 "GET /y/%E4%BC%8A%E7%B4%A2%E6%8B%89/%E7%AC%AC07%E8%AF%9D/zWater.jpg HTTP/1.1" 200 96791
2020-04-19 12:28:13 [urllib3.connectionpool] DEBUG: Starting new HTTPS connection (1): images.dmzj.com:443
2020-04-19 12:28:13 [urllib3.connectionpool] DEBUG: https://images.dmzj.com:443 "GET /y/%E4%BC%8A%E7%B4%A2%E6%8B%89/%E7%AC%AC07%E8%AF%9D/z%E6%B2%8F%E8%8C%B6%E6%8B%9B%E6%96%B0.jpg HTTP/1.1" 200 252965
2020-04-19 12:28:16 [scrapy.core.scraper] DEBUG: Scraped from <200 https://m.dmzj.com/view/51473/96547.html>
{'big_title': '伊索拉',
 'pic_urls': ['https://images.dmzj.com/y/伊索拉/第07话/Isola 007-000.jpg',
              'https://images.dmzj.com/y/伊索拉/第07话/Isola 007-001.jpg',
              'https://images.dmzj.com/y/伊索拉/第07话/Isola 007-002.jpg',
              'https://images.dmzj.com/y/伊索拉/第07话/Isola 007-003.jpg',
              'https://images.dmzj.com/y/伊索拉/第07话/Isola 007-004.jpg',
              'https://images.dmzj.com/y/伊索拉/第07话/Isola 007-005.jpg',
              'https://images.dmzj.com/y/伊索拉/第07话/Isola 007-006.jpg',
              'https://images.dmzj.com/y/伊索拉/第07话/Isola 007-007.jpg',
              'https://images.dmzj.com/y/伊索拉/第07话/Isola 007-008.jpg',
              'https://images.dmzj.com/y/伊索拉/第07话/Isola 007-009.jpg',
              'https://images.dmzj.com/y/伊索拉/第07话/Isola 007-010.jpg',
              'https://images.dmzj.com/y/伊索拉/第07话/Isola 007-011.jpg',
              'https://images.dmzj.com/y/伊索拉/第07话/Isola 007-012.jpg',
              'https://images.dmzj.com/y/伊索拉/第07话/Isola 007-013.jpg',
              'https://images.dmzj.com/y/伊索拉/第07话/Isola 007-014.jpg',
              'https://images.dmzj.com/y/伊索拉/第07话/Isola 007-015.jpg',
              'https://images.dmzj.com/y/伊索拉/第07话/Isola 007-016.jpg',
              'https://images.dmzj.com/y/伊索拉/第07话/Isola 007-017.jpg',
              'https://images.dmzj.com/y/伊索拉/第07话/Isola 007-018.jpg',
              'https://images.dmzj.com/y/伊索拉/第07话/Isola 007-019.jpg',
              'https://images.dmzj.com/y/伊索拉/第07话/Isola 007-020.jpg',
              'https://images.dmzj.com/y/伊索拉/第07话/Isola 007-021.jpg',
              'https://images.dmzj.com/y/伊索拉/第07话/Isola 007-022.jpg',
              'https://images.dmzj.com/y/伊索拉/第07话/Isola 007-023.jpg',
              'https://images.dmzj.com/y/伊索拉/第07话/Isola 007-024.jpg',
              'https://images.dmzj.com/y/伊索拉/第07话/Isola 007-025.jpg',
              'https://images.dmzj.com/y/伊索拉/第07话/Isola 007-026.jpg',
              'https://images.dmzj.com/y/伊索拉/第07话/zWater.jpg',
              'https://images.dmzj.com/y/伊索拉/第07话/z沏茶招新.jpg'],
 'title': '第07话'}
2020-04-19 12:28:16 [scrapy.core.engine] INFO: Closing spider (finished)
2020-04-19 12:28:16 [scrapy.statscollectors] INFO: Dumping Scrapy stats:
{'downloader/request_bytes': 3142,
 'downloader/request_count': 9,
 'downloader/request_method_count/GET': 9,
 'downloader/response_bytes': 51122,
 'downloader/response_count': 9,
 'downloader/response_status_count/200': 9,
 'elapsed_time_seconds': 134.579854,
 'finish_reason': 'finished',
 'finish_time': datetime.datetime(2020, 4, 19, 4, 28, 16, 909124),
 'item_scraped_count': 7,
 'log_count/DEBUG': 456,
 'log_count/INFO': 12,
 'log_count/WARNING': 1,
 'request_depth_max': 2,
 'response_received_count': 9,
 'scheduler/dequeued': 9,
 'scheduler/dequeued/memory': 9,
 'scheduler/enqueued': 9,
 'scheduler/enqueued/memory': 9,
 'start_time': datetime.datetime(2020, 4, 19, 4, 26, 2, 329270)}
2020-04-19 12:28:16 [scrapy.core.engine] INFO: Spider closed (finished)
